{"C:\\Users\\Dean\\Documents\\GitHub\\simaksi\\src\\main.js": {"path":"C:\\Users\\Dean\\Documents\\GitHub\\simaksi\\src\\main.js","statementMap":{"0":{"start":{"line":18,"column":19},"end":{"line":18,"column":28}},"1":{"start":{"line":21,"column":0},"end":{"line":21,"column":24}},"2":{"start":{"line":22,"column":0},"end":{"line":22,"column":24}},"3":{"start":{"line":23,"column":0},"end":{"line":23,"column":48}},"4":{"start":{"line":24,"column":0},"end":{"line":30,"column":2}},"5":{"start":{"line":31,"column":0},"end":{"line":31,"column":17}},"6":{"start":{"line":34,"column":0},"end":{"line":34,"column":30}},"7":{"start":{"line":35,"column":0},"end":{"line":35,"column":32}},"8":{"start":{"line":37,"column":0},"end":{"line":37,"column":24}},"9":{"start":{"line":40,"column":0},"end":{"line":40,"column":47}},"10":{"start":{"line":43,"column":0},"end":{"line":43,"column":27}},"11":{"start":{"line":44,"column":0},"end":{"line":44,"column":24}},"12":{"start":{"line":45,"column":0},"end":{"line":45,"column":31}},"13":{"start":{"line":48,"column":0},"end":{"line":48,"column":25}},"14":{"start":{"line":51,"column":17},"end":{"line":51,"column":45}},"15":{"start":{"line":52,"column":0},"end":{"line":54,"column":3}},"16":{"start":{"line":53,"column":4},"end":{"line":53,"column":69}}},"fnMap":{"0":{"name":"(anonymous_0)","decl":{"start":{"line":52,"column":21},"end":{"line":52,"column":22}},"loc":{"start":{"line":52,"column":27},"end":{"line":54,"column":1}},"line":52}},"branchMap":{"0":{"loc":{"start":{"line":51,"column":17},"end":{"line":51,"column":45}},"type":"binary-expr","locations":[{"start":{"line":51,"column":17},"end":{"line":51,"column":37}},{"start":{"line":51,"column":41},"end":{"line":51,"column":45}}],"line":51}},"s":{"0":1,"1":1,"2":1,"3":1,"4":1,"5":1,"6":1,"7":1,"8":1,"9":1,"10":1,"11":1,"12":1,"13":1,"14":1,"15":1,"16":1},"f":{"0":1},"b":{"0":[1,0]},"_coverageSchema":"1a1c01bbd47fc00a2c39e90264f33305004495a9","hash":"d7b2f3d1d1a53d635a12330a7a5058e3bdda08a0"}
,"C:\\Users\\Dean\\Documents\\GitHub\\simaksi\\src\\midtrans.js": {"path":"C:\\Users\\Dean\\Documents\\GitHub\\simaksi\\src\\midtrans.js","statementMap":{"0":{"start":{"line":4,"column":23},"end":{"line":8,"column":2}}},"fnMap":{},"branchMap":{},"s":{"0":1},"f":{},"b":{},"_coverageSchema":"1a1c01bbd47fc00a2c39e90264f33305004495a9","hash":"eff736ef43ff4b63718477051f939131a215d2bc"}
,"C:\\Users\\Dean\\Documents\\GitHub\\simaksi\\src\\multer.js": {"path":"C:\\Users\\Dean\\Documents\\GitHub\\simaksi\\src\\multer.js","statementMap":{"0":{"start":{"line":3,"column":16},"end":{"line":10,"column":2}},"1":{"start":{"line":5,"column":2},"end":{"line":5,"column":38}},"2":{"start":{"line":8,"column":2},"end":{"line":8,"column":59}},"3":{"start":{"line":12,"column":22},"end":{"line":12,"column":50}}},"fnMap":{"0":{"name":"(anonymous_0)","decl":{"start":{"line":4,"column":14},"end":{"line":4,"column":15}},"loc":{"start":{"line":4,"column":39},"end":{"line":6,"column":2}},"line":4},"1":{"name":"(anonymous_1)","decl":{"start":{"line":7,"column":11},"end":{"line":7,"column":12}},"loc":{"start":{"line":7,"column":36},"end":{"line":9,"column":2}},"line":7}},"branchMap":{},"s":{"0":1,"1":0,"2":0,"3":1},"f":{"0":0,"1":0},"b":{},"_coverageSchema":"1a1c01bbd47fc00a2c39e90264f33305004495a9","hash":"28e45fc3b6dd59c3f0bccef3b00af656f1569ac0"}
,"C:\\Users\\Dean\\Documents\\GitHub\\simaksi\\src\\prisma.js": {"path":"C:\\Users\\Dean\\Documents\\GitHub\\simaksi\\src\\prisma.js","statementMap":{"0":{"start":{"line":2,"column":22},"end":{"line":2,"column":40}}},"fnMap":{},"branchMap":{},"s":{"0":1},"f":{},"b":{},"_coverageSchema":"1a1c01bbd47fc00a2c39e90264f33305004495a9","hash":"ce8ba1ef229dd2580c93ba458676392ad8ec1688"}
,"C:\\Users\\Dean\\Documents\\GitHub\\simaksi\\src\\controller\\admin-controller.js": {"path":"C:\\Users\\Dean\\Documents\\GitHub\\simaksi\\src\\controller\\admin-controller.js","statementMap":{"0":{"start":{"line":4,"column":14},"end":{"line":22,"column":1}},"1":{"start":{"line":5,"column":16},"end":{"line":5,"column":46}},"2":{"start":{"line":7,"column":4},"end":{"line":15,"column":5}},"3":{"start":{"line":8,"column":8},"end":{"line":14,"column":11}},"4":{"start":{"line":17,"column":4},"end":{"line":21,"column":7}},"5":{"start":{"line":24,"column":13},"end":{"line":76,"column":1}},"6":{"start":{"line":26,"column":18},"end":{"line":39,"column":6}},"7":{"start":{"line":41,"column":28},"end":{"line":67,"column":6}},"8":{"start":{"line":43,"column":8},"end":{"line":54,"column":9}},"9":{"start":{"line":44,"column":12},"end":{"line":48,"column":15}},"10":{"start":{"line":49,"column":12},"end":{"line":53,"column":15}},"11":{"start":{"line":56,"column":8},"end":{"line":66,"column":9}},"12":{"start":{"line":57,"column":12},"end":{"line":57,"column":53}},"13":{"start":{"line":58,"column":15},"end":{"line":66,"column":9}},"14":{"start":{"line":59,"column":12},"end":{"line":59,"column":50}},"15":{"start":{"line":60,"column":15},"end":{"line":66,"column":9}},"16":{"start":{"line":61,"column":12},"end":{"line":61,"column":48}},"17":{"start":{"line":62,"column":15},"end":{"line":66,"column":9}},"18":{"start":{"line":63,"column":12},"end":{"line":63,"column":48}},"19":{"start":{"line":64,"column":15},"end":{"line":66,"column":9}},"20":{"start":{"line":65,"column":12},"end":{"line":65,"column":51}},"21":{"start":{"line":69,"column":4},"end":{"line":69,"column":33}},"22":{"start":{"line":71,"column":4},"end":{"line":75,"column":7}},"23":{"start":{"line":78,"column":19},"end":{"line":87,"column":1}},"24":{"start":{"line":80,"column":24},"end":{"line":80,"column":58}},"25":{"start":{"line":82,"column":4},"end":{"line":86,"column":7}},"26":{"start":{"line":89,"column":16},"end":{"line":105,"column":1}},"27":{"start":{"line":90,"column":18},"end":{"line":98,"column":6}},"28":{"start":{"line":100,"column":4},"end":{"line":104,"column":7}},"29":{"start":{"line":107,"column":14},"end":{"line":111,"column":1}},"30":{"start":{"line":108,"column":4},"end":{"line":110,"column":7}},"31":{"start":{"line":113,"column":21},"end":{"line":147,"column":1}},"32":{"start":{"line":114,"column":32},"end":{"line":114,"column":40}},"33":{"start":{"line":116,"column":4},"end":{"line":119,"column":5}},"34":{"start":{"line":117,"column":8},"end":{"line":117,"column":56}},"35":{"start":{"line":118,"column":8},"end":{"line":118,"column":44}},"36":{"start":{"line":122,"column":18},"end":{"line":126,"column":6}},"37":{"start":{"line":128,"column":4},"end":{"line":131,"column":5}},"38":{"start":{"line":129,"column":8},"end":{"line":129,"column":56}},"39":{"start":{"line":130,"column":8},"end":{"line":130,"column":44}},"40":{"start":{"line":134,"column":28},"end":{"line":134,"column":74}},"41":{"start":{"line":135,"column":4},"end":{"line":138,"column":5}},"42":{"start":{"line":136,"column":8},"end":{"line":136,"column":56}},"43":{"start":{"line":137,"column":8},"end":{"line":137,"column":44}},"44":{"start":{"line":140,"column":4},"end":{"line":146,"column":5}},"45":{"start":{"line":141,"column":8},"end":{"line":141,"column":41}},"46":{"start":{"line":142,"column":8},"end":{"line":142,"column":49}},"47":{"start":{"line":143,"column":8},"end":{"line":143,"column":44}},"48":{"start":{"line":145,"column":8},"end":{"line":145,"column":44}},"49":{"start":{"line":149,"column":17},"end":{"line":153,"column":1}},"50":{"start":{"line":150,"column":4},"end":{"line":152,"column":7}},"51":{"start":{"line":155,"column":24},"end":{"line":195,"column":1}},"52":{"start":{"line":156,"column":4},"end":{"line":194,"column":5}},"53":{"start":{"line":157,"column":49},"end":{"line":157,"column":57}},"54":{"start":{"line":159,"column":8},"end":{"line":162,"column":9}},"55":{"start":{"line":160,"column":12},"end":{"line":160,"column":73}},"56":{"start":{"line":161,"column":12},"end":{"line":161,"column":51}},"57":{"start":{"line":164,"column":29},"end":{"line":168,"column":10}},"58":{"start":{"line":170,"column":8},"end":{"line":173,"column":9}},"59":{"start":{"line":171,"column":12},"end":{"line":171,"column":56}},"60":{"start":{"line":172,"column":12},"end":{"line":172,"column":51}},"61":{"start":{"line":175,"column":31},"end":{"line":175,"column":62}},"62":{"start":{"line":177,"column":22},"end":{"line":184,"column":10}},"63":{"start":{"line":186,"column":8},"end":{"line":189,"column":9}},"64":{"start":{"line":187,"column":12},"end":{"line":187,"column":55}},"65":{"start":{"line":188,"column":12},"end":{"line":188,"column":48}},"66":{"start":{"line":191,"column":8},"end":{"line":191,"column":27}},"67":{"start":{"line":192,"column":8},"end":{"line":192,"column":46}},"68":{"start":{"line":193,"column":8},"end":{"line":193,"column":47}},"69":{"start":{"line":197,"column":15},"end":{"line":200,"column":1}},"70":{"start":{"line":198,"column":4},"end":{"line":198,"column":32}},"71":{"start":{"line":199,"column":4},"end":{"line":199,"column":40}}},"fnMap":{"0":{"name":"(anonymous_0)","decl":{"start":{"line":4,"column":14},"end":{"line":4,"column":15}},"loc":{"start":{"line":4,"column":34},"end":{"line":22,"column":1}},"line":4},"1":{"name":"(anonymous_1)","decl":{"start":{"line":24,"column":13},"end":{"line":24,"column":14}},"loc":{"start":{"line":24,"column":33},"end":{"line":76,"column":1}},"line":24},"2":{"name":"(anonymous_2)","decl":{"start":{"line":41,"column":38},"end":{"line":41,"column":39}},"loc":{"start":{"line":41,"column":48},"end":{"line":67,"column":5}},"line":41},"3":{"name":"(anonymous_3)","decl":{"start":{"line":78,"column":19},"end":{"line":78,"column":20}},"loc":{"start":{"line":78,"column":39},"end":{"line":87,"column":1}},"line":78},"4":{"name":"(anonymous_4)","decl":{"start":{"line":89,"column":16},"end":{"line":89,"column":17}},"loc":{"start":{"line":89,"column":36},"end":{"line":105,"column":1}},"line":89},"5":{"name":"(anonymous_5)","decl":{"start":{"line":107,"column":14},"end":{"line":107,"column":15}},"loc":{"start":{"line":107,"column":34},"end":{"line":111,"column":1}},"line":107},"6":{"name":"(anonymous_6)","decl":{"start":{"line":113,"column":21},"end":{"line":113,"column":22}},"loc":{"start":{"line":113,"column":41},"end":{"line":147,"column":1}},"line":113},"7":{"name":"(anonymous_7)","decl":{"start":{"line":149,"column":17},"end":{"line":149,"column":18}},"loc":{"start":{"line":149,"column":37},"end":{"line":153,"column":1}},"line":149},"8":{"name":"(anonymous_8)","decl":{"start":{"line":155,"column":24},"end":{"line":155,"column":25}},"loc":{"start":{"line":155,"column":44},"end":{"line":195,"column":1}},"line":155},"9":{"name":"(anonymous_9)","decl":{"start":{"line":197,"column":15},"end":{"line":197,"column":16}},"loc":{"start":{"line":197,"column":35},"end":{"line":200,"column":1}},"line":197}},"branchMap":{"0":{"loc":{"start":{"line":7,"column":4},"end":{"line":15,"column":5}},"type":"if","locations":[{"start":{"line":7,"column":4},"end":{"line":15,"column":5}},{"start":{},"end":{}}],"line":7},"1":{"loc":{"start":{"line":43,"column":8},"end":{"line":54,"column":9}},"type":"if","locations":[{"start":{"line":43,"column":8},"end":{"line":54,"column":9}},{"start":{},"end":{}}],"line":43},"2":{"loc":{"start":{"line":56,"column":8},"end":{"line":66,"column":9}},"type":"if","locations":[{"start":{"line":56,"column":8},"end":{"line":66,"column":9}},{"start":{"line":58,"column":15},"end":{"line":66,"column":9}}],"line":56},"3":{"loc":{"start":{"line":58,"column":15},"end":{"line":66,"column":9}},"type":"if","locations":[{"start":{"line":58,"column":15},"end":{"line":66,"column":9}},{"start":{"line":60,"column":15},"end":{"line":66,"column":9}}],"line":58},"4":{"loc":{"start":{"line":60,"column":15},"end":{"line":66,"column":9}},"type":"if","locations":[{"start":{"line":60,"column":15},"end":{"line":66,"column":9}},{"start":{"line":62,"column":15},"end":{"line":66,"column":9}}],"line":60},"5":{"loc":{"start":{"line":62,"column":15},"end":{"line":66,"column":9}},"type":"if","locations":[{"start":{"line":62,"column":15},"end":{"line":66,"column":9}},{"start":{"line":64,"column":15},"end":{"line":66,"column":9}}],"line":62},"6":{"loc":{"start":{"line":62,"column":19},"end":{"line":62,"column":71}},"type":"binary-expr","locations":[{"start":{"line":62,"column":19},"end":{"line":62,"column":31}},{"start":{"line":62,"column":35},"end":{"line":62,"column":71}}],"line":62},"7":{"loc":{"start":{"line":64,"column":15},"end":{"line":66,"column":9}},"type":"if","locations":[{"start":{"line":64,"column":15},"end":{"line":66,"column":9}},{"start":{},"end":{}}],"line":64},"8":{"loc":{"start":{"line":64,"column":19},"end":{"line":64,"column":68}},"type":"binary-expr","locations":[{"start":{"line":64,"column":19},"end":{"line":64,"column":31}},{"start":{"line":64,"column":35},"end":{"line":64,"column":68}}],"line":64},"9":{"loc":{"start":{"line":116,"column":4},"end":{"line":119,"column":5}},"type":"if","locations":[{"start":{"line":116,"column":4},"end":{"line":119,"column":5}},{"start":{},"end":{}}],"line":116},"10":{"loc":{"start":{"line":116,"column":8},"end":{"line":116,"column":27}},"type":"binary-expr","locations":[{"start":{"line":116,"column":8},"end":{"line":116,"column":14}},{"start":{"line":116,"column":18},"end":{"line":116,"column":27}}],"line":116},"11":{"loc":{"start":{"line":128,"column":4},"end":{"line":131,"column":5}},"type":"if","locations":[{"start":{"line":128,"column":4},"end":{"line":131,"column":5}},{"start":{},"end":{}}],"line":128},"12":{"loc":{"start":{"line":135,"column":4},"end":{"line":138,"column":5}},"type":"if","locations":[{"start":{"line":135,"column":4},"end":{"line":138,"column":5}},{"start":{},"end":{}}],"line":135},"13":{"loc":{"start":{"line":140,"column":4},"end":{"line":146,"column":5}},"type":"if","locations":[{"start":{"line":140,"column":4},"end":{"line":146,"column":5}},{"start":{"line":144,"column":11},"end":{"line":146,"column":5}}],"line":140},"14":{"loc":{"start":{"line":159,"column":8},"end":{"line":162,"column":9}},"type":"if","locations":[{"start":{"line":159,"column":8},"end":{"line":162,"column":9}},{"start":{},"end":{}}],"line":159},"15":{"loc":{"start":{"line":159,"column":12},"end":{"line":159,"column":50}},"type":"binary-expr","locations":[{"start":{"line":159,"column":12},"end":{"line":159,"column":18}},{"start":{"line":159,"column":22},"end":{"line":159,"column":31}},{"start":{"line":159,"column":35},"end":{"line":159,"column":40}},{"start":{"line":159,"column":44},"end":{"line":159,"column":50}}],"line":159},"16":{"loc":{"start":{"line":170,"column":8},"end":{"line":173,"column":9}},"type":"if","locations":[{"start":{"line":170,"column":8},"end":{"line":173,"column":9}},{"start":{},"end":{}}],"line":170},"17":{"loc":{"start":{"line":186,"column":8},"end":{"line":189,"column":9}},"type":"if","locations":[{"start":{"line":186,"column":8},"end":{"line":189,"column":9}},{"start":{},"end":{}}],"line":186}},"s":{"0":1,"1":0,"2":0,"3":0,"4":0,"5":1,"6":0,"7":0,"8":0,"9":0,"10":0,"11":0,"12":0,"13":0,"14":0,"15":0,"16":0,"17":0,"18":0,"19":0,"20":0,"21":0,"22":0,"23":1,"24":0,"25":0,"26":1,"27":0,"28":0,"29":1,"30":0,"31":1,"32":0,"33":0,"34":0,"35":0,"36":0,"37":0,"38":0,"39":0,"40":0,"41":0,"42":0,"43":0,"44":0,"45":0,"46":0,"47":0,"48":0,"49":1,"50":0,"51":1,"52":0,"53":0,"54":0,"55":0,"56":0,"57":0,"58":0,"59":0,"60":0,"61":0,"62":0,"63":0,"64":0,"65":0,"66":0,"67":0,"68":0,"69":1,"70":0,"71":0},"f":{"0":0,"1":0,"2":0,"3":0,"4":0,"5":0,"6":0,"7":0,"8":0,"9":0},"b":{"0":[0,0],"1":[0,0],"2":[0,0],"3":[0,0],"4":[0,0],"5":[0,0],"6":[0,0],"7":[0,0],"8":[0,0],"9":[0,0],"10":[0,0],"11":[0,0],"12":[0,0],"13":[0,0],"14":[0,0],"15":[0,0,0,0],"16":[0,0],"17":[0,0]},"_coverageSchema":"1a1c01bbd47fc00a2c39e90264f33305004495a9","hash":"b0ee687b724a36df110c8bd4bffa3b39c75e73f3"}
,"C:\\Users\\Dean\\Documents\\GitHub\\simaksi\\src\\controller\\checkpoint-controller.js": {"path":"C:\\Users\\Dean\\Documents\\GitHub\\simaksi\\src\\controller\\checkpoint-controller.js","statementMap":{"0":{"start":{"line":5,"column":12},"end":{"line":22,"column":1}},"1":{"start":{"line":6,"column":1},"end":{"line":21,"column":2}},"2":{"start":{"line":8,"column":13},"end":{"line":8,"column":36}},"3":{"start":{"line":10,"column":21},"end":{"line":14,"column":4}},"4":{"start":{"line":16,"column":2},"end":{"line":18,"column":5}},"5":{"start":{"line":20,"column":2},"end":{"line":20,"column":14}},"6":{"start":{"line":24,"column":15},"end":{"line":49,"column":1}},"7":{"start":{"line":25,"column":1},"end":{"line":48,"column":2}},"8":{"start":{"line":27,"column":17},"end":{"line":30,"column":4}},"9":{"start":{"line":31,"column":17},"end":{"line":31,"column":42}},"10":{"start":{"line":32,"column":2},"end":{"line":34,"column":3}},"11":{"start":{"line":33,"column":3},"end":{"line":33,"column":47}},"12":{"start":{"line":36,"column":2},"end":{"line":38,"column":3}},"13":{"start":{"line":37,"column":3},"end":{"line":37,"column":40}},"14":{"start":{"line":40,"column":21},"end":{"line":42,"column":4}},"15":{"start":{"line":43,"column":2},"end":{"line":45,"column":5}},"16":{"start":{"line":47,"column":2},"end":{"line":47,"column":14}},"17":{"start":{"line":51,"column":13},"end":{"line":58,"column":1}},"18":{"start":{"line":52,"column":1},"end":{"line":57,"column":2}},"19":{"start":{"line":53,"column":21},"end":{"line":53,"column":55}},"20":{"start":{"line":54,"column":2},"end":{"line":54,"column":33}},"21":{"start":{"line":56,"column":2},"end":{"line":56,"column":14}},"22":{"start":{"line":60,"column":15},"end":{"line":100,"column":1}},"23":{"start":{"line":61,"column":1},"end":{"line":99,"column":2}},"24":{"start":{"line":63,"column":13},"end":{"line":63,"column":36}},"25":{"start":{"line":65,"column":17},"end":{"line":68,"column":4}},"26":{"start":{"line":69,"column":17},"end":{"line":69,"column":42}},"27":{"start":{"line":70,"column":2},"end":{"line":72,"column":3}},"28":{"start":{"line":71,"column":3},"end":{"line":71,"column":47}},"29":{"start":{"line":74,"column":2},"end":{"line":76,"column":3}},"30":{"start":{"line":75,"column":3},"end":{"line":75,"column":40}},"31":{"start":{"line":78,"column":26},"end":{"line":82,"column":4}},"32":{"start":{"line":83,"column":2},"end":{"line":85,"column":3}},"33":{"start":{"line":84,"column":3},"end":{"line":84,"column":56}},"34":{"start":{"line":87,"column":21},"end":{"line":92,"column":4}},"35":{"start":{"line":94,"column":2},"end":{"line":96,"column":5}},"36":{"start":{"line":98,"column":2},"end":{"line":98,"column":14}},"37":{"start":{"line":102,"column":15},"end":{"line":116,"column":1}},"38":{"start":{"line":103,"column":1},"end":{"line":115,"column":2}},"39":{"start":{"line":104,"column":13},"end":{"line":104,"column":36}},"40":{"start":{"line":105,"column":21},"end":{"line":109,"column":4}},"41":{"start":{"line":110,"column":2},"end":{"line":112,"column":5}},"42":{"start":{"line":114,"column":2},"end":{"line":114,"column":14}}},"fnMap":{"0":{"name":"(anonymous_0)","decl":{"start":{"line":5,"column":12},"end":{"line":5,"column":13}},"loc":{"start":{"line":5,"column":38},"end":{"line":22,"column":1}},"line":5},"1":{"name":"(anonymous_1)","decl":{"start":{"line":24,"column":15},"end":{"line":24,"column":16}},"loc":{"start":{"line":24,"column":41},"end":{"line":49,"column":1}},"line":24},"2":{"name":"(anonymous_2)","decl":{"start":{"line":51,"column":13},"end":{"line":51,"column":14}},"loc":{"start":{"line":51,"column":39},"end":{"line":58,"column":1}},"line":51},"3":{"name":"(anonymous_3)","decl":{"start":{"line":60,"column":15},"end":{"line":60,"column":16}},"loc":{"start":{"line":60,"column":41},"end":{"line":100,"column":1}},"line":60},"4":{"name":"(anonymous_4)","decl":{"start":{"line":102,"column":15},"end":{"line":102,"column":16}},"loc":{"start":{"line":102,"column":41},"end":{"line":116,"column":1}},"line":102}},"branchMap":{"0":{"loc":{"start":{"line":32,"column":2},"end":{"line":34,"column":3}},"type":"if","locations":[{"start":{"line":32,"column":2},"end":{"line":34,"column":3}},{"start":{},"end":{}}],"line":32},"1":{"loc":{"start":{"line":36,"column":2},"end":{"line":38,"column":3}},"type":"if","locations":[{"start":{"line":36,"column":2},"end":{"line":38,"column":3}},{"start":{},"end":{}}],"line":36},"2":{"loc":{"start":{"line":70,"column":2},"end":{"line":72,"column":3}},"type":"if","locations":[{"start":{"line":70,"column":2},"end":{"line":72,"column":3}},{"start":{},"end":{}}],"line":70},"3":{"loc":{"start":{"line":74,"column":2},"end":{"line":76,"column":3}},"type":"if","locations":[{"start":{"line":74,"column":2},"end":{"line":76,"column":3}},{"start":{},"end":{}}],"line":74},"4":{"loc":{"start":{"line":83,"column":2},"end":{"line":85,"column":3}},"type":"if","locations":[{"start":{"line":83,"column":2},"end":{"line":85,"column":3}},{"start":{},"end":{}}],"line":83}},"s":{"0":1,"1":0,"2":0,"3":0,"4":0,"5":0,"6":1,"7":0,"8":0,"9":0,"10":0,"11":0,"12":0,"13":0,"14":0,"15":0,"16":0,"17":1,"18":0,"19":0,"20":0,"21":0,"22":1,"23":0,"24":0,"25":0,"26":0,"27":0,"28":0,"29":0,"30":0,"31":0,"32":0,"33":0,"34":0,"35":0,"36":0,"37":1,"38":0,"39":0,"40":0,"41":0,"42":0},"f":{"0":0,"1":0,"2":0,"3":0,"4":0},"b":{"0":[0,0],"1":[0,0],"2":[0,0],"3":[0,0],"4":[0,0]},"_coverageSchema":"1a1c01bbd47fc00a2c39e90264f33305004495a9","hash":"f4250292889a1f1ab6fac0a6dbaa4ee789978602"}
,"C:\\Users\\Dean\\Documents\\GitHub\\simaksi\\src\\controller\\member-controller.js": {"path":"C:\\Users\\Dean\\Documents\\GitHub\\simaksi\\src\\controller\\member-controller.js","statementMap":{"0":{"start":{"line":5,"column":15},"end":{"line":66,"column":1}},"1":{"start":{"line":6,"column":1},"end":{"line":65,"column":2}},"2":{"start":{"line":8,"column":17},"end":{"line":10,"column":4}},"3":{"start":{"line":11,"column":17},"end":{"line":11,"column":42}},"4":{"start":{"line":13,"column":2},"end":{"line":15,"column":3}},"5":{"start":{"line":14,"column":3},"end":{"line":14,"column":54}},"6":{"start":{"line":17,"column":15},"end":{"line":22,"column":4}},"7":{"start":{"line":24,"column":2},"end":{"line":26,"column":3}},"8":{"start":{"line":25,"column":3},"end":{"line":25,"column":50}},"9":{"start":{"line":28,"column":17},"end":{"line":33,"column":4}},"10":{"start":{"line":35,"column":2},"end":{"line":37,"column":3}},"11":{"start":{"line":36,"column":3},"end":{"line":36,"column":67}},"12":{"start":{"line":39,"column":2},"end":{"line":44,"column":5}},"13":{"start":{"line":46,"column":18},"end":{"line":59,"column":4}},"14":{"start":{"line":61,"column":2},"end":{"line":61,"column":30}},"15":{"start":{"line":64,"column":2},"end":{"line":64,"column":14}},"16":{"start":{"line":68,"column":13},"end":{"line":104,"column":1}},"17":{"start":{"line":69,"column":1},"end":{"line":103,"column":2}},"18":{"start":{"line":70,"column":18},"end":{"line":70,"column":45}},"19":{"start":{"line":72,"column":2},"end":{"line":97,"column":3}},"20":{"start":{"line":73,"column":3},"end":{"line":85,"column":6}},"21":{"start":{"line":87,"column":3},"end":{"line":96,"column":6}},"22":{"start":{"line":99,"column":2},"end":{"line":99,"column":29}},"23":{"start":{"line":102,"column":2},"end":{"line":102,"column":14}},"24":{"start":{"line":106,"column":15},"end":{"line":147,"column":1}},"25":{"start":{"line":107,"column":1},"end":{"line":146,"column":2}},"26":{"start":{"line":108,"column":13},"end":{"line":108,"column":36}},"27":{"start":{"line":110,"column":15},"end":{"line":115,"column":4}},"28":{"start":{"line":117,"column":2},"end":{"line":119,"column":3}},"29":{"start":{"line":118,"column":3},"end":{"line":118,"column":50}},"30":{"start":{"line":121,"column":2},"end":{"line":125,"column":5}},"31":{"start":{"line":127,"column":18},"end":{"line":140,"column":4}},"32":{"start":{"line":142,"column":2},"end":{"line":142,"column":30}},"33":{"start":{"line":145,"column":2},"end":{"line":145,"column":14}}},"fnMap":{"0":{"name":"(anonymous_0)","decl":{"start":{"line":5,"column":15},"end":{"line":5,"column":16}},"loc":{"start":{"line":5,"column":41},"end":{"line":66,"column":1}},"line":5},"1":{"name":"(anonymous_1)","decl":{"start":{"line":68,"column":13},"end":{"line":68,"column":14}},"loc":{"start":{"line":68,"column":39},"end":{"line":104,"column":1}},"line":68},"2":{"name":"(anonymous_2)","decl":{"start":{"line":106,"column":15},"end":{"line":106,"column":16}},"loc":{"start":{"line":106,"column":41},"end":{"line":147,"column":1}},"line":106}},"branchMap":{"0":{"loc":{"start":{"line":13,"column":2},"end":{"line":15,"column":3}},"type":"if","locations":[{"start":{"line":13,"column":2},"end":{"line":15,"column":3}},{"start":{},"end":{}}],"line":13},"1":{"loc":{"start":{"line":24,"column":2},"end":{"line":26,"column":3}},"type":"if","locations":[{"start":{"line":24,"column":2},"end":{"line":26,"column":3}},{"start":{},"end":{}}],"line":24},"2":{"loc":{"start":{"line":35,"column":2},"end":{"line":37,"column":3}},"type":"if","locations":[{"start":{"line":35,"column":2},"end":{"line":37,"column":3}},{"start":{},"end":{}}],"line":35},"3":{"loc":{"start":{"line":72,"column":2},"end":{"line":97,"column":3}},"type":"if","locations":[{"start":{"line":72,"column":2},"end":{"line":97,"column":3}},{"start":{"line":86,"column":9},"end":{"line":97,"column":3}}],"line":72},"4":{"loc":{"start":{"line":117,"column":2},"end":{"line":119,"column":3}},"type":"if","locations":[{"start":{"line":117,"column":2},"end":{"line":119,"column":3}},{"start":{},"end":{}}],"line":117}},"s":{"0":1,"1":0,"2":0,"3":0,"4":0,"5":0,"6":0,"7":0,"8":0,"9":0,"10":0,"11":0,"12":0,"13":0,"14":0,"15":0,"16":1,"17":0,"18":0,"19":0,"20":0,"21":0,"22":0,"23":0,"24":1,"25":0,"26":0,"27":0,"28":0,"29":0,"30":0,"31":0,"32":0,"33":0},"f":{"0":0,"1":0,"2":0},"b":{"0":[0,0],"1":[0,0],"2":[0,0],"3":[0,0],"4":[0,0]},"_coverageSchema":"1a1c01bbd47fc00a2c39e90264f33305004495a9","hash":"7bb0514bcbafd9791dbaa8f8570b0d49a8eaaf6f"}
,"C:\\Users\\Dean\\Documents\\GitHub\\simaksi\\src\\controller\\route-controller.js": {"path":"C:\\Users\\Dean\\Documents\\GitHub\\simaksi\\src\\controller\\route-controller.js","statementMap":{"0":{"start":{"line":4,"column":13},"end":{"line":13,"column":1}},"1":{"start":{"line":5,"column":1},"end":{"line":12,"column":2}},"2":{"start":{"line":6,"column":17},"end":{"line":6,"column":46}},"3":{"start":{"line":7,"column":2},"end":{"line":9,"column":5}},"4":{"start":{"line":11,"column":2},"end":{"line":11,"column":14}},"5":{"start":{"line":15,"column":15},"end":{"line":54,"column":1}},"6":{"start":{"line":16,"column":1},"end":{"line":53,"column":2}},"7":{"start":{"line":17,"column":2},"end":{"line":17,"column":24}},"8":{"start":{"line":19,"column":13},"end":{"line":19,"column":36}},"9":{"start":{"line":21,"column":17},"end":{"line":25,"column":4}},"10":{"start":{"line":26,"column":17},"end":{"line":26,"column":42}},"11":{"start":{"line":27,"column":2},"end":{"line":29,"column":3}},"12":{"start":{"line":28,"column":3},"end":{"line":28,"column":54}},"13":{"start":{"line":31,"column":23},"end":{"line":35,"column":4}},"14":{"start":{"line":36,"column":2},"end":{"line":38,"column":3}},"15":{"start":{"line":37,"column":3},"end":{"line":37,"column":51}},"16":{"start":{"line":40,"column":16},"end":{"line":45,"column":4}},"17":{"start":{"line":47,"column":2},"end":{"line":49,"column":5}},"18":{"start":{"line":52,"column":2},"end":{"line":52,"column":14}}},"fnMap":{"0":{"name":"(anonymous_0)","decl":{"start":{"line":4,"column":13},"end":{"line":4,"column":14}},"loc":{"start":{"line":4,"column":39},"end":{"line":13,"column":1}},"line":4},"1":{"name":"(anonymous_1)","decl":{"start":{"line":15,"column":15},"end":{"line":15,"column":16}},"loc":{"start":{"line":15,"column":41},"end":{"line":54,"column":1}},"line":15}},"branchMap":{"0":{"loc":{"start":{"line":27,"column":2},"end":{"line":29,"column":3}},"type":"if","locations":[{"start":{"line":27,"column":2},"end":{"line":29,"column":3}},{"start":{},"end":{}}],"line":27},"1":{"loc":{"start":{"line":36,"column":2},"end":{"line":38,"column":3}},"type":"if","locations":[{"start":{"line":36,"column":2},"end":{"line":38,"column":3}},{"start":{},"end":{}}],"line":36}},"s":{"0":1,"1":0,"2":0,"3":0,"4":0,"5":1,"6":0,"7":0,"8":0,"9":0,"10":0,"11":0,"12":0,"13":0,"14":0,"15":0,"16":0,"17":0,"18":0},"f":{"0":0,"1":0},"b":{"0":[0,0],"1":[0,0]},"_coverageSchema":"1a1c01bbd47fc00a2c39e90264f33305004495a9","hash":"515dd6749e2505f02d1c27933d90dcef672a97c1"}
,"C:\\Users\\Dean\\Documents\\GitHub\\simaksi\\src\\controller\\trip-controller.js": {"path":"C:\\Users\\Dean\\Documents\\GitHub\\simaksi\\src\\controller\\trip-controller.js","statementMap":{"0":{"start":{"line":13,"column":2},"end":{"line":13,"column":23}},"1":{"start":{"line":14,"column":2},"end":{"line":14,"column":24}},"2":{"start":{"line":15,"column":2},"end":{"line":15,"column":59}},"3":{"start":{"line":18,"column":1},"end":{"line":29,"column":2}},"4":{"start":{"line":19,"column":11},"end":{"line":19,"column":39}},"5":{"start":{"line":21,"column":15},"end":{"line":25,"column":4}},"6":{"start":{"line":26,"column":2},"end":{"line":28,"column":3}},"7":{"start":{"line":27,"column":3},"end":{"line":27,"column":23}},"8":{"start":{"line":32,"column":20},"end":{"line":86,"column":1}},"9":{"start":{"line":33,"column":1},"end":{"line":85,"column":2}},"10":{"start":{"line":34,"column":13},"end":{"line":34,"column":36}},"11":{"start":{"line":35,"column":15},"end":{"line":48,"column":4}},"12":{"start":{"line":50,"column":2},"end":{"line":52,"column":3}},"13":{"start":{"line":51,"column":3},"end":{"line":51,"column":50}},"14":{"start":{"line":55,"column":2},"end":{"line":59,"column":5}},"15":{"start":{"line":56,"column":21},"end":{"line":56,"column":56}},"16":{"start":{"line":57,"column":16},"end":{"line":57,"column":48}},"17":{"start":{"line":58,"column":3},"end":{"line":58,"column":70}},"18":{"start":{"line":62,"column":15},"end":{"line":62,"column":46}},"19":{"start":{"line":63,"column":2},"end":{"line":63,"column":43}},"20":{"start":{"line":66,"column":15},"end":{"line":66,"column":107}},"21":{"start":{"line":67,"column":18},"end":{"line":67,"column":42}},"22":{"start":{"line":68,"column":15},"end":{"line":68,"column":38}},"23":{"start":{"line":69,"column":2},"end":{"line":69,"column":30}},"24":{"start":{"line":70,"column":20},"end":{"line":78,"column":4}},"25":{"start":{"line":79,"column":2},"end":{"line":79,"column":24}},"26":{"start":{"line":81,"column":2},"end":{"line":81,"column":45}},"27":{"start":{"line":82,"column":2},"end":{"line":82,"column":22}},"28":{"start":{"line":84,"column":2},"end":{"line":84,"column":14}},"29":{"start":{"line":88,"column":15},"end":{"line":140,"column":1}},"30":{"start":{"line":89,"column":1},"end":{"line":139,"column":2}},"31":{"start":{"line":90,"column":16},"end":{"line":90,"column":53}},"32":{"start":{"line":92,"column":2},"end":{"line":94,"column":3}},"33":{"start":{"line":93,"column":3},"end":{"line":93,"column":51}},"34":{"start":{"line":96,"column":2},"end":{"line":98,"column":3}},"35":{"start":{"line":97,"column":3},"end":{"line":97,"column":51}},"36":{"start":{"line":100,"column":15},"end":{"line":105,"column":4}},"37":{"start":{"line":107,"column":2},"end":{"line":125,"column":3}},"38":{"start":{"line":108,"column":3},"end":{"line":124,"column":6}},"39":{"start":{"line":109,"column":4},"end":{"line":113,"column":7}},"40":{"start":{"line":114,"column":4},"end":{"line":118,"column":7}},"41":{"start":{"line":119,"column":4},"end":{"line":123,"column":7}},"42":{"start":{"line":127,"column":18},"end":{"line":133,"column":4}},"43":{"start":{"line":135,"column":2},"end":{"line":135,"column":30}},"44":{"start":{"line":138,"column":2},"end":{"line":138,"column":14}},"45":{"start":{"line":142,"column":22},"end":{"line":238,"column":1}},"46":{"start":{"line":143,"column":1},"end":{"line":237,"column":2}},"47":{"start":{"line":145,"column":17},"end":{"line":149,"column":4}},"48":{"start":{"line":150,"column":17},"end":{"line":150,"column":42}},"49":{"start":{"line":151,"column":2},"end":{"line":153,"column":3}},"50":{"start":{"line":152,"column":3},"end":{"line":152,"column":54}},"51":{"start":{"line":155,"column":13},"end":{"line":164,"column":4}},"52":{"start":{"line":166,"column":2},"end":{"line":168,"column":3}},"53":{"start":{"line":167,"column":3},"end":{"line":167,"column":50}},"54":{"start":{"line":170,"column":26},"end":{"line":174,"column":4}},"55":{"start":{"line":175,"column":2},"end":{"line":182,"column":3}},"56":{"start":{"line":177,"column":3},"end":{"line":181,"column":6}},"57":{"start":{"line":184,"column":2},"end":{"line":197,"column":5}},"58":{"start":{"line":199,"column":18},"end":{"line":213,"column":3}},"59":{"start":{"line":215,"column":23},"end":{"line":215,"column":54}},"60":{"start":{"line":217,"column":2},"end":{"line":219,"column":3}},"61":{"start":{"line":218,"column":3},"end":{"line":218,"column":60}},"62":{"start":{"line":221,"column":2},"end":{"line":231,"column":5}},"63":{"start":{"line":233,"column":2},"end":{"line":233,"column":37}},"64":{"start":{"line":236,"column":2},"end":{"line":236,"column":14}},"65":{"start":{"line":240,"column":15},"end":{"line":287,"column":1}},"66":{"start":{"line":241,"column":1},"end":{"line":286,"column":2}},"67":{"start":{"line":243,"column":13},"end":{"line":243,"column":36}},"68":{"start":{"line":245,"column":15},"end":{"line":253,"column":4}},"69":{"start":{"line":255,"column":2},"end":{"line":257,"column":3}},"70":{"start":{"line":256,"column":3},"end":{"line":256,"column":50}},"71":{"start":{"line":259,"column":2},"end":{"line":261,"column":3}},"72":{"start":{"line":260,"column":3},"end":{"line":260,"column":59}},"73":{"start":{"line":263,"column":19},"end":{"line":263,"column":80}},"74":{"start":{"line":265,"column":2},"end":{"line":267,"column":3}},"75":{"start":{"line":266,"column":3},"end":{"line":266,"column":60}},"76":{"start":{"line":269,"column":2},"end":{"line":281,"column":5}},"77":{"start":{"line":283,"column":2},"end":{"line":283,"column":41}},"78":{"start":{"line":285,"column":2},"end":{"line":285,"column":14}},"79":{"start":{"line":289,"column":28},"end":{"line":319,"column":1}},"80":{"start":{"line":290,"column":1},"end":{"line":318,"column":2}},"81":{"start":{"line":292,"column":25},"end":{"line":292,"column":48}},"82":{"start":{"line":293,"column":29},"end":{"line":293,"column":56}},"83":{"start":{"line":295,"column":18},"end":{"line":299,"column":4}},"84":{"start":{"line":301,"column":2},"end":{"line":303,"column":3}},"85":{"start":{"line":302,"column":3},"end":{"line":302,"column":53}},"86":{"start":{"line":305,"column":2},"end":{"line":312,"column":5}},"87":{"start":{"line":314,"column":2},"end":{"line":314,"column":41}},"88":{"start":{"line":317,"column":2},"end":{"line":317,"column":14}},"89":{"start":{"line":321,"column":13},"end":{"line":424,"column":1}},"90":{"start":{"line":322,"column":1},"end":{"line":423,"column":2}},"91":{"start":{"line":324,"column":17},"end":{"line":324,"column":60}},"92":{"start":{"line":325,"column":2},"end":{"line":325,"column":22}},"93":{"start":{"line":326,"column":23},"end":{"line":326,"column":69}},"94":{"start":{"line":328,"column":14},"end":{"line":328,"column":16}},"95":{"start":{"line":329,"column":2},"end":{"line":385,"column":3}},"96":{"start":{"line":331,"column":4},"end":{"line":340,"column":6}},"97":{"start":{"line":341,"column":4},"end":{"line":341,"column":10}},"98":{"start":{"line":343,"column":4},"end":{"line":352,"column":6}},"99":{"start":{"line":353,"column":4},"end":{"line":353,"column":10}},"100":{"start":{"line":355,"column":4},"end":{"line":361,"column":6}},"101":{"start":{"line":362,"column":4},"end":{"line":362,"column":10}},"102":{"start":{"line":364,"column":4},"end":{"line":370,"column":6}},"103":{"start":{"line":371,"column":4},"end":{"line":371,"column":10}},"104":{"start":{"line":373,"column":4},"end":{"line":379,"column":6}},"105":{"start":{"line":380,"column":4},"end":{"line":380,"column":10}},"106":{"start":{"line":382,"column":4},"end":{"line":384,"column":6}},"107":{"start":{"line":387,"column":16},"end":{"line":395,"column":4}},"108":{"start":{"line":397,"column":26},"end":{"line":415,"column":4}},"109":{"start":{"line":398,"column":3},"end":{"line":414,"column":4}},"110":{"start":{"line":399,"column":4},"end":{"line":399,"column":45}},"111":{"start":{"line":400,"column":10},"end":{"line":414,"column":4}},"112":{"start":{"line":401,"column":4},"end":{"line":401,"column":42}},"113":{"start":{"line":402,"column":10},"end":{"line":414,"column":4}},"114":{"start":{"line":403,"column":4},"end":{"line":403,"column":40}},"115":{"start":{"line":404,"column":10},"end":{"line":414,"column":4}},"116":{"start":{"line":405,"column":4},"end":{"line":411,"column":5}},"117":{"start":{"line":406,"column":5},"end":{"line":406,"column":41}},"118":{"start":{"line":407,"column":11},"end":{"line":411,"column":5}},"119":{"start":{"line":408,"column":5},"end":{"line":408,"column":44}},"120":{"start":{"line":410,"column":5},"end":{"line":410,"column":40}},"121":{"start":{"line":413,"column":4},"end":{"line":413,"column":39}},"122":{"start":{"line":417,"column":34},"end":{"line":417,"column":90}},"123":{"start":{"line":417,"column":67},"end":{"line":417,"column":89}},"124":{"start":{"line":419,"column":2},"end":{"line":419,"column":46}},"125":{"start":{"line":422,"column":2},"end":{"line":422,"column":14}},"126":{"start":{"line":426,"column":12},"end":{"line":463,"column":1}},"127":{"start":{"line":427,"column":1},"end":{"line":462,"column":2}},"128":{"start":{"line":429,"column":13},"end":{"line":429,"column":36}},"129":{"start":{"line":431,"column":15},"end":{"line":449,"column":4}},"130":{"start":{"line":451,"column":2},"end":{"line":453,"column":3}},"131":{"start":{"line":452,"column":3},"end":{"line":452,"column":50}},"132":{"start":{"line":455,"column":2},"end":{"line":455,"column":23}},"133":{"start":{"line":456,"column":2},"end":{"line":456,"column":22}},"134":{"start":{"line":458,"column":2},"end":{"line":458,"column":27}},"135":{"start":{"line":461,"column":2},"end":{"line":461,"column":14}},"136":{"start":{"line":465,"column":16},"end":{"line":499,"column":1}},"137":{"start":{"line":466,"column":1},"end":{"line":498,"column":2}},"138":{"start":{"line":467,"column":2},"end":{"line":467,"column":24}},"139":{"start":{"line":469,"column":13},"end":{"line":469,"column":36}},"140":{"start":{"line":471,"column":15},"end":{"line":480,"column":4}},"141":{"start":{"line":482,"column":2},"end":{"line":484,"column":3}},"142":{"start":{"line":483,"column":3},"end":{"line":483,"column":50}},"143":{"start":{"line":486,"column":2},"end":{"line":493,"column":5}},"144":{"start":{"line":495,"column":2},"end":{"line":495,"column":44}},"145":{"start":{"line":497,"column":2},"end":{"line":497,"column":14}},"146":{"start":{"line":501,"column":17},"end":{"line":534,"column":1}},"147":{"start":{"line":502,"column":1},"end":{"line":533,"column":2}},"148":{"start":{"line":504,"column":13},"end":{"line":504,"column":36}},"149":{"start":{"line":506,"column":15},"end":{"line":515,"column":4}},"150":{"start":{"line":517,"column":2},"end":{"line":519,"column":3}},"151":{"start":{"line":518,"column":3},"end":{"line":518,"column":50}},"152":{"start":{"line":521,"column":2},"end":{"line":528,"column":5}},"153":{"start":{"line":530,"column":2},"end":{"line":530,"column":45}},"154":{"start":{"line":532,"column":2},"end":{"line":532,"column":14}}},"fnMap":{"0":{"name":"generateRandomIntId","decl":{"start":{"line":11,"column":15},"end":{"line":11,"column":34}},"loc":{"start":{"line":11,"column":37},"end":{"line":30,"column":1}},"line":11},"1":{"name":"getRandomInt","decl":{"start":{"line":12,"column":10},"end":{"line":12,"column":22}},"loc":{"start":{"line":12,"column":33},"end":{"line":16,"column":2}},"line":12},"2":{"name":"(anonymous_2)","decl":{"start":{"line":32,"column":20},"end":{"line":32,"column":21}},"loc":{"start":{"line":32,"column":46},"end":{"line":86,"column":1}},"line":32},"3":{"name":"(anonymous_3)","decl":{"start":{"line":55,"column":23},"end":{"line":55,"column":24}},"loc":{"start":{"line":55,"column":35},"end":{"line":59,"column":3}},"line":55},"4":{"name":"(anonymous_4)","decl":{"start":{"line":88,"column":15},"end":{"line":88,"column":16}},"loc":{"start":{"line":88,"column":41},"end":{"line":140,"column":1}},"line":88},"5":{"name":"(anonymous_5)","decl":{"start":{"line":108,"column":29},"end":{"line":108,"column":30}},"loc":{"start":{"line":108,"column":47},"end":{"line":124,"column":4}},"line":108},"6":{"name":"(anonymous_6)","decl":{"start":{"line":142,"column":22},"end":{"line":142,"column":23}},"loc":{"start":{"line":142,"column":48},"end":{"line":238,"column":1}},"line":142},"7":{"name":"(anonymous_7)","decl":{"start":{"line":240,"column":15},"end":{"line":240,"column":16}},"loc":{"start":{"line":240,"column":41},"end":{"line":287,"column":1}},"line":240},"8":{"name":"(anonymous_8)","decl":{"start":{"line":289,"column":28},"end":{"line":289,"column":29}},"loc":{"start":{"line":289,"column":54},"end":{"line":319,"column":1}},"line":289},"9":{"name":"(anonymous_9)","decl":{"start":{"line":321,"column":13},"end":{"line":321,"column":14}},"loc":{"start":{"line":321,"column":39},"end":{"line":424,"column":1}},"line":321},"10":{"name":"(anonymous_10)","decl":{"start":{"line":397,"column":36},"end":{"line":397,"column":37}},"loc":{"start":{"line":397,"column":46},"end":{"line":415,"column":3}},"line":397},"11":{"name":"(anonymous_11)","decl":{"start":{"line":417,"column":57},"end":{"line":417,"column":58}},"loc":{"start":{"line":417,"column":67},"end":{"line":417,"column":89}},"line":417},"12":{"name":"(anonymous_12)","decl":{"start":{"line":426,"column":12},"end":{"line":426,"column":13}},"loc":{"start":{"line":426,"column":38},"end":{"line":463,"column":1}},"line":426},"13":{"name":"(anonymous_13)","decl":{"start":{"line":465,"column":16},"end":{"line":465,"column":17}},"loc":{"start":{"line":465,"column":42},"end":{"line":499,"column":1}},"line":465},"14":{"name":"(anonymous_14)","decl":{"start":{"line":501,"column":17},"end":{"line":501,"column":18}},"loc":{"start":{"line":501,"column":43},"end":{"line":534,"column":1}},"line":501}},"branchMap":{"0":{"loc":{"start":{"line":26,"column":2},"end":{"line":28,"column":3}},"type":"if","locations":[{"start":{"line":26,"column":2},"end":{"line":28,"column":3}},{"start":{},"end":{}}],"line":26},"1":{"loc":{"start":{"line":50,"column":2},"end":{"line":52,"column":3}},"type":"if","locations":[{"start":{"line":50,"column":2},"end":{"line":52,"column":3}},{"start":{},"end":{}}],"line":50},"2":{"loc":{"start":{"line":92,"column":2},"end":{"line":94,"column":3}},"type":"if","locations":[{"start":{"line":92,"column":2},"end":{"line":94,"column":3}},{"start":{},"end":{}}],"line":92},"3":{"loc":{"start":{"line":96,"column":2},"end":{"line":98,"column":3}},"type":"if","locations":[{"start":{"line":96,"column":2},"end":{"line":98,"column":3}},{"start":{},"end":{}}],"line":96},"4":{"loc":{"start":{"line":107,"column":2},"end":{"line":125,"column":3}},"type":"if","locations":[{"start":{"line":107,"column":2},"end":{"line":125,"column":3}},{"start":{},"end":{}}],"line":107},"5":{"loc":{"start":{"line":151,"column":2},"end":{"line":153,"column":3}},"type":"if","locations":[{"start":{"line":151,"column":2},"end":{"line":153,"column":3}},{"start":{},"end":{}}],"line":151},"6":{"loc":{"start":{"line":166,"column":2},"end":{"line":168,"column":3}},"type":"if","locations":[{"start":{"line":166,"column":2},"end":{"line":168,"column":3}},{"start":{},"end":{}}],"line":166},"7":{"loc":{"start":{"line":175,"column":2},"end":{"line":182,"column":3}},"type":"if","locations":[{"start":{"line":175,"column":2},"end":{"line":182,"column":3}},{"start":{},"end":{}}],"line":175},"8":{"loc":{"start":{"line":217,"column":2},"end":{"line":219,"column":3}},"type":"if","locations":[{"start":{"line":217,"column":2},"end":{"line":219,"column":3}},{"start":{},"end":{}}],"line":217},"9":{"loc":{"start":{"line":255,"column":2},"end":{"line":257,"column":3}},"type":"if","locations":[{"start":{"line":255,"column":2},"end":{"line":257,"column":3}},{"start":{},"end":{}}],"line":255},"10":{"loc":{"start":{"line":259,"column":2},"end":{"line":261,"column":3}},"type":"if","locations":[{"start":{"line":259,"column":2},"end":{"line":261,"column":3}},{"start":{},"end":{}}],"line":259},"11":{"loc":{"start":{"line":265,"column":2},"end":{"line":267,"column":3}},"type":"if","locations":[{"start":{"line":265,"column":2},"end":{"line":267,"column":3}},{"start":{},"end":{}}],"line":265},"12":{"loc":{"start":{"line":301,"column":2},"end":{"line":303,"column":3}},"type":"if","locations":[{"start":{"line":301,"column":2},"end":{"line":303,"column":3}},{"start":{},"end":{}}],"line":301},"13":{"loc":{"start":{"line":324,"column":17},"end":{"line":324,"column":60}},"type":"cond-expr","locations":[{"start":{"line":324,"column":36},"end":{"line":324,"column":52}},{"start":{"line":324,"column":55},"end":{"line":324,"column":60}}],"line":324},"14":{"loc":{"start":{"line":326,"column":23},"end":{"line":326,"column":69}},"type":"cond-expr","locations":[{"start":{"line":326,"column":55},"end":{"line":326,"column":61}},{"start":{"line":326,"column":64},"end":{"line":326,"column":69}}],"line":326},"15":{"loc":{"start":{"line":329,"column":2},"end":{"line":385,"column":3}},"type":"switch","locations":[{"start":{"line":330,"column":3},"end":{"line":341,"column":10}},{"start":{"line":342,"column":3},"end":{"line":353,"column":10}},{"start":{"line":354,"column":3},"end":{"line":362,"column":10}},{"start":{"line":363,"column":3},"end":{"line":371,"column":10}},{"start":{"line":372,"column":3},"end":{"line":380,"column":10}},{"start":{"line":381,"column":3},"end":{"line":384,"column":6}}],"line":329},"16":{"loc":{"start":{"line":398,"column":3},"end":{"line":414,"column":4}},"type":"if","locations":[{"start":{"line":398,"column":3},"end":{"line":414,"column":4}},{"start":{"line":400,"column":10},"end":{"line":414,"column":4}}],"line":398},"17":{"loc":{"start":{"line":400,"column":10},"end":{"line":414,"column":4}},"type":"if","locations":[{"start":{"line":400,"column":10},"end":{"line":414,"column":4}},{"start":{"line":402,"column":10},"end":{"line":414,"column":4}}],"line":400},"18":{"loc":{"start":{"line":402,"column":10},"end":{"line":414,"column":4}},"type":"if","locations":[{"start":{"line":402,"column":10},"end":{"line":414,"column":4}},{"start":{"line":404,"column":10},"end":{"line":414,"column":4}}],"line":402},"19":{"loc":{"start":{"line":404,"column":10},"end":{"line":414,"column":4}},"type":"if","locations":[{"start":{"line":404,"column":10},"end":{"line":414,"column":4}},{"start":{"line":412,"column":10},"end":{"line":414,"column":4}}],"line":404},"20":{"loc":{"start":{"line":405,"column":4},"end":{"line":411,"column":5}},"type":"if","locations":[{"start":{"line":405,"column":4},"end":{"line":411,"column":5}},{"start":{"line":407,"column":11},"end":{"line":411,"column":5}}],"line":405},"21":{"loc":{"start":{"line":407,"column":11},"end":{"line":411,"column":5}},"type":"if","locations":[{"start":{"line":407,"column":11},"end":{"line":411,"column":5}},{"start":{"line":409,"column":11},"end":{"line":411,"column":5}}],"line":407},"22":{"loc":{"start":{"line":451,"column":2},"end":{"line":453,"column":3}},"type":"if","locations":[{"start":{"line":451,"column":2},"end":{"line":453,"column":3}},{"start":{},"end":{}}],"line":451},"23":{"loc":{"start":{"line":482,"column":2},"end":{"line":484,"column":3}},"type":"if","locations":[{"start":{"line":482,"column":2},"end":{"line":484,"column":3}},{"start":{},"end":{}}],"line":482},"24":{"loc":{"start":{"line":517,"column":2},"end":{"line":519,"column":3}},"type":"if","locations":[{"start":{"line":517,"column":2},"end":{"line":519,"column":3}},{"start":{},"end":{}}],"line":517}},"s":{"0":0,"1":0,"2":0,"3":0,"4":0,"5":0,"6":0,"7":0,"8":1,"9":0,"10":0,"11":0,"12":0,"13":0,"14":0,"15":0,"16":0,"17":0,"18":0,"19":0,"20":0,"21":0,"22":0,"23":0,"24":0,"25":0,"26":0,"27":0,"28":0,"29":1,"30":0,"31":0,"32":0,"33":0,"34":0,"35":0,"36":0,"37":0,"38":0,"39":0,"40":0,"41":0,"42":0,"43":0,"44":0,"45":1,"46":0,"47":0,"48":0,"49":0,"50":0,"51":0,"52":0,"53":0,"54":0,"55":0,"56":0,"57":0,"58":0,"59":0,"60":0,"61":0,"62":0,"63":0,"64":0,"65":1,"66":0,"67":0,"68":0,"69":0,"70":0,"71":0,"72":0,"73":0,"74":0,"75":0,"76":0,"77":0,"78":0,"79":1,"80":0,"81":0,"82":0,"83":0,"84":0,"85":0,"86":0,"87":0,"88":0,"89":1,"90":0,"91":0,"92":0,"93":0,"94":0,"95":0,"96":0,"97":0,"98":0,"99":0,"100":0,"101":0,"102":0,"103":0,"104":0,"105":0,"106":0,"107":0,"108":0,"109":0,"110":0,"111":0,"112":0,"113":0,"114":0,"115":0,"116":0,"117":0,"118":0,"119":0,"120":0,"121":0,"122":0,"123":0,"124":0,"125":0,"126":1,"127":0,"128":0,"129":0,"130":0,"131":0,"132":0,"133":0,"134":0,"135":0,"136":1,"137":0,"138":0,"139":0,"140":0,"141":0,"142":0,"143":0,"144":0,"145":0,"146":1,"147":0,"148":0,"149":0,"150":0,"151":0,"152":0,"153":0,"154":0},"f":{"0":0,"1":0,"2":0,"3":0,"4":0,"5":0,"6":0,"7":0,"8":0,"9":0,"10":0,"11":0,"12":0,"13":0,"14":0},"b":{"0":[0,0],"1":[0,0],"2":[0,0],"3":[0,0],"4":[0,0],"5":[0,0],"6":[0,0],"7":[0,0],"8":[0,0],"9":[0,0],"10":[0,0],"11":[0,0],"12":[0,0],"13":[0,0],"14":[0,0],"15":[0,0,0,0,0,0],"16":[0,0],"17":[0,0],"18":[0,0],"19":[0,0],"20":[0,0],"21":[0,0],"22":[0,0],"23":[0,0],"24":[0,0]},"_coverageSchema":"1a1c01bbd47fc00a2c39e90264f33305004495a9","hash":"4578737f034d68df0af0f610d1726c95895a95db"}
,"C:\\Users\\Dean\\Documents\\GitHub\\simaksi\\src\\controller\\user-controller.js": {"path":"C:\\Users\\Dean\\Documents\\GitHub\\simaksi\\src\\controller\\user-controller.js","statementMap":{"0":{"start":{"line":9,"column":8},"end":{"line":9,"column":29}},"1":{"start":{"line":10,"column":8},"end":{"line":10,"column":30}},"2":{"start":{"line":11,"column":8},"end":{"line":11,"column":65}},"3":{"start":{"line":14,"column":4},"end":{"line":25,"column":5}},"4":{"start":{"line":15,"column":17},"end":{"line":15,"column":45}},"5":{"start":{"line":17,"column":21},"end":{"line":21,"column":10}},"6":{"start":{"line":22,"column":8},"end":{"line":24,"column":9}},"7":{"start":{"line":23,"column":12},"end":{"line":23,"column":32}},"8":{"start":{"line":28,"column":17},"end":{"line":93,"column":1}},"9":{"start":{"line":29,"column":4},"end":{"line":92,"column":5}},"10":{"start":{"line":31,"column":23},"end":{"line":45,"column":10}},"11":{"start":{"line":47,"column":23},"end":{"line":47,"column":48}},"12":{"start":{"line":48,"column":8},"end":{"line":50,"column":9}},"13":{"start":{"line":49,"column":12},"end":{"line":49,"column":63}},"14":{"start":{"line":52,"column":8},"end":{"line":57,"column":9}},"15":{"start":{"line":53,"column":12},"end":{"line":56,"column":14}},"16":{"start":{"line":59,"column":8},"end":{"line":59,"column":45}},"17":{"start":{"line":61,"column":26},"end":{"line":72,"column":10}},"18":{"start":{"line":74,"column":8},"end":{"line":76,"column":9}},"19":{"start":{"line":75,"column":12},"end":{"line":75,"column":79}},"20":{"start":{"line":78,"column":8},"end":{"line":78,"column":77}},"21":{"start":{"line":80,"column":8},"end":{"line":80,"column":54}},"22":{"start":{"line":82,"column":21},"end":{"line":84,"column":10}},"23":{"start":{"line":86,"column":8},"end":{"line":86,"column":29}},"24":{"start":{"line":88,"column":8},"end":{"line":88,"column":33}},"25":{"start":{"line":91,"column":8},"end":{"line":91,"column":20}},"26":{"start":{"line":95,"column":14},"end":{"line":134,"column":1}},"27":{"start":{"line":96,"column":4},"end":{"line":133,"column":5}},"28":{"start":{"line":98,"column":23},"end":{"line":101,"column":10}},"29":{"start":{"line":103,"column":23},"end":{"line":103,"column":48}},"30":{"start":{"line":105,"column":8},"end":{"line":107,"column":9}},"31":{"start":{"line":106,"column":12},"end":{"line":106,"column":63}},"32":{"start":{"line":109,"column":21},"end":{"line":113,"column":10}},"33":{"start":{"line":115,"column":8},"end":{"line":117,"column":9}},"34":{"start":{"line":116,"column":12},"end":{"line":116,"column":68}},"35":{"start":{"line":119,"column":32},"end":{"line":122,"column":9}},"36":{"start":{"line":123,"column":8},"end":{"line":125,"column":9}},"37":{"start":{"line":124,"column":12},"end":{"line":124,"column":68}},"38":{"start":{"line":127,"column":8},"end":{"line":127,"column":29}},"39":{"start":{"line":129,"column":8},"end":{"line":129,"column":33}},"40":{"start":{"line":132,"column":8},"end":{"line":132,"column":20}},"41":{"start":{"line":136,"column":15},"end":{"line":144,"column":1}},"42":{"start":{"line":137,"column":4},"end":{"line":143,"column":5}},"43":{"start":{"line":139,"column":8},"end":{"line":139,"column":48}},"44":{"start":{"line":142,"column":8},"end":{"line":142,"column":20}},"45":{"start":{"line":146,"column":12},"end":{"line":168,"column":1}},"46":{"start":{"line":147,"column":4},"end":{"line":167,"column":5}},"47":{"start":{"line":149,"column":19},"end":{"line":149,"column":32}},"48":{"start":{"line":151,"column":21},"end":{"line":155,"column":10}},"49":{"start":{"line":157,"column":8},"end":{"line":159,"column":9}},"50":{"start":{"line":158,"column":12},"end":{"line":158,"column":59}},"51":{"start":{"line":161,"column":8},"end":{"line":161,"column":29}},"52":{"start":{"line":163,"column":8},"end":{"line":163,"column":33}},"53":{"start":{"line":166,"column":8},"end":{"line":166,"column":20}},"54":{"start":{"line":170,"column":15},"end":{"line":218,"column":1}},"55":{"start":{"line":171,"column":4},"end":{"line":217,"column":5}},"56":{"start":{"line":173,"column":19},"end":{"line":173,"column":42}},"57":{"start":{"line":175,"column":23},"end":{"line":186,"column":10}},"58":{"start":{"line":188,"column":23},"end":{"line":188,"column":48}},"59":{"start":{"line":190,"column":8},"end":{"line":192,"column":9}},"60":{"start":{"line":191,"column":12},"end":{"line":191,"column":63}},"61":{"start":{"line":194,"column":28},"end":{"line":198,"column":10}},"62":{"start":{"line":200,"column":8},"end":{"line":202,"column":9}},"63":{"start":{"line":201,"column":12},"end":{"line":201,"column":59}},"64":{"start":{"line":204,"column":21},"end":{"line":209,"column":10}},"65":{"start":{"line":211,"column":8},"end":{"line":211,"column":29}},"66":{"start":{"line":213,"column":8},"end":{"line":213,"column":33}},"67":{"start":{"line":216,"column":8},"end":{"line":216,"column":20}}},"fnMap":{"0":{"name":"generateRandomIntId","decl":{"start":{"line":7,"column":15},"end":{"line":7,"column":34}},"loc":{"start":{"line":7,"column":37},"end":{"line":26,"column":1}},"line":7},"1":{"name":"getRandomInt","decl":{"start":{"line":8,"column":13},"end":{"line":8,"column":25}},"loc":{"start":{"line":8,"column":36},"end":{"line":12,"column":5}},"line":8},"2":{"name":"(anonymous_2)","decl":{"start":{"line":28,"column":17},"end":{"line":28,"column":18}},"loc":{"start":{"line":28,"column":43},"end":{"line":93,"column":1}},"line":28},"3":{"name":"(anonymous_3)","decl":{"start":{"line":95,"column":14},"end":{"line":95,"column":15}},"loc":{"start":{"line":95,"column":40},"end":{"line":134,"column":1}},"line":95},"4":{"name":"(anonymous_4)","decl":{"start":{"line":136,"column":15},"end":{"line":136,"column":16}},"loc":{"start":{"line":136,"column":41},"end":{"line":144,"column":1}},"line":136},"5":{"name":"(anonymous_5)","decl":{"start":{"line":146,"column":12},"end":{"line":146,"column":13}},"loc":{"start":{"line":146,"column":38},"end":{"line":168,"column":1}},"line":146},"6":{"name":"(anonymous_6)","decl":{"start":{"line":170,"column":15},"end":{"line":170,"column":16}},"loc":{"start":{"line":170,"column":41},"end":{"line":218,"column":1}},"line":170}},"branchMap":{"0":{"loc":{"start":{"line":22,"column":8},"end":{"line":24,"column":9}},"type":"if","locations":[{"start":{"line":22,"column":8},"end":{"line":24,"column":9}},{"start":{},"end":{}}],"line":22},"1":{"loc":{"start":{"line":48,"column":8},"end":{"line":50,"column":9}},"type":"if","locations":[{"start":{"line":48,"column":8},"end":{"line":50,"column":9}},{"start":{},"end":{}}],"line":48},"2":{"loc":{"start":{"line":52,"column":8},"end":{"line":57,"column":9}},"type":"if","locations":[{"start":{"line":52,"column":8},"end":{"line":57,"column":9}},{"start":{},"end":{}}],"line":52},"3":{"loc":{"start":{"line":74,"column":8},"end":{"line":76,"column":9}},"type":"if","locations":[{"start":{"line":74,"column":8},"end":{"line":76,"column":9}},{"start":{},"end":{}}],"line":74},"4":{"loc":{"start":{"line":105,"column":8},"end":{"line":107,"column":9}},"type":"if","locations":[{"start":{"line":105,"column":8},"end":{"line":107,"column":9}},{"start":{},"end":{}}],"line":105},"5":{"loc":{"start":{"line":115,"column":8},"end":{"line":117,"column":9}},"type":"if","locations":[{"start":{"line":115,"column":8},"end":{"line":117,"column":9}},{"start":{},"end":{}}],"line":115},"6":{"loc":{"start":{"line":123,"column":8},"end":{"line":125,"column":9}},"type":"if","locations":[{"start":{"line":123,"column":8},"end":{"line":125,"column":9}},{"start":{},"end":{}}],"line":123},"7":{"loc":{"start":{"line":157,"column":8},"end":{"line":159,"column":9}},"type":"if","locations":[{"start":{"line":157,"column":8},"end":{"line":159,"column":9}},{"start":{},"end":{}}],"line":157},"8":{"loc":{"start":{"line":190,"column":8},"end":{"line":192,"column":9}},"type":"if","locations":[{"start":{"line":190,"column":8},"end":{"line":192,"column":9}},{"start":{},"end":{}}],"line":190},"9":{"loc":{"start":{"line":200,"column":8},"end":{"line":202,"column":9}},"type":"if","locations":[{"start":{"line":200,"column":8},"end":{"line":202,"column":9}},{"start":{},"end":{}}],"line":200}},"s":{"0":1,"1":1,"2":1,"3":1,"4":1,"5":1,"6":1,"7":1,"8":1,"9":3,"10":3,"11":3,"12":3,"13":0,"14":3,"15":0,"16":3,"17":3,"18":3,"19":2,"20":1,"21":1,"22":1,"23":1,"24":1,"25":2,"26":1,"27":0,"28":0,"29":0,"30":0,"31":0,"32":0,"33":0,"34":0,"35":0,"36":0,"37":0,"38":0,"39":0,"40":0,"41":1,"42":0,"43":0,"44":0,"45":1,"46":0,"47":0,"48":0,"49":0,"50":0,"51":0,"52":0,"53":0,"54":1,"55":0,"56":0,"57":0,"58":0,"59":0,"60":0,"61":0,"62":0,"63":0,"64":0,"65":0,"66":0,"67":0},"f":{"0":1,"1":1,"2":3,"3":0,"4":0,"5":0,"6":0},"b":{"0":[1,0],"1":[0,3],"2":[0,3],"3":[2,1],"4":[0,0],"5":[0,0],"6":[0,0],"7":[0,0],"8":[0,0],"9":[0,0]},"_coverageSchema":"1a1c01bbd47fc00a2c39e90264f33305004495a9","hash":"e03da27b2363e35eae3a948debf3b3930682fd29"}
,"C:\\Users\\Dean\\Documents\\GitHub\\simaksi\\src\\middleware\\auth-middleware.js": {"path":"C:\\Users\\Dean\\Documents\\GitHub\\simaksi\\src\\middleware\\auth-middleware.js","statementMap":{"0":{"start":{"line":3,"column":29},"end":{"line":30,"column":1}},"1":{"start":{"line":4,"column":12},"end":{"line":4,"column":46}},"2":{"start":{"line":5,"column":12},"end":{"line":5,"column":16}},"3":{"start":{"line":6,"column":1},"end":{"line":18,"column":2}},"4":{"start":{"line":7,"column":2},"end":{"line":11,"column":5}},"5":{"start":{"line":13,"column":2},"end":{"line":17,"column":5}},"6":{"start":{"line":19,"column":1},"end":{"line":29,"column":2}},"7":{"start":{"line":20,"column":2},"end":{"line":20,"column":46}},"8":{"start":{"line":21,"column":2},"end":{"line":25,"column":10}},"9":{"start":{"line":27,"column":2},"end":{"line":27,"column":18}},"10":{"start":{"line":28,"column":2},"end":{"line":28,"column":9}},"11":{"start":{"line":32,"column":31},"end":{"line":51,"column":1}},"12":{"start":{"line":33,"column":1},"end":{"line":36,"column":2}},"13":{"start":{"line":34,"column":2},"end":{"line":34,"column":62}},"14":{"start":{"line":35,"column":2},"end":{"line":35,"column":38}},"15":{"start":{"line":38,"column":14},"end":{"line":42,"column":3}},"16":{"start":{"line":44,"column":1},"end":{"line":47,"column":2}},"17":{"start":{"line":45,"column":2},"end":{"line":45,"column":52}},"18":{"start":{"line":46,"column":2},"end":{"line":46,"column":38}},"19":{"start":{"line":49,"column":1},"end":{"line":49,"column":17}},"20":{"start":{"line":50,"column":1},"end":{"line":50,"column":8}}},"fnMap":{"0":{"name":"(anonymous_0)","decl":{"start":{"line":3,"column":29},"end":{"line":3,"column":30}},"loc":{"start":{"line":3,"column":55},"end":{"line":30,"column":1}},"line":3},"1":{"name":"(anonymous_1)","decl":{"start":{"line":32,"column":31},"end":{"line":32,"column":32}},"loc":{"start":{"line":32,"column":57},"end":{"line":51,"column":1}},"line":32}},"branchMap":{"0":{"loc":{"start":{"line":6,"column":1},"end":{"line":18,"column":2}},"type":"if","locations":[{"start":{"line":6,"column":1},"end":{"line":18,"column":2}},{"start":{"line":12,"column":8},"end":{"line":18,"column":2}}],"line":6},"1":{"loc":{"start":{"line":19,"column":1},"end":{"line":29,"column":2}},"type":"if","locations":[{"start":{"line":19,"column":1},"end":{"line":29,"column":2}},{"start":{"line":26,"column":8},"end":{"line":29,"column":2}}],"line":19},"2":{"loc":{"start":{"line":33,"column":1},"end":{"line":36,"column":2}},"type":"if","locations":[{"start":{"line":33,"column":1},"end":{"line":36,"column":2}},{"start":{},"end":{}}],"line":33},"3":{"loc":{"start":{"line":44,"column":1},"end":{"line":47,"column":2}},"type":"if","locations":[{"start":{"line":44,"column":1},"end":{"line":47,"column":2}},{"start":{},"end":{}}],"line":44}},"s":{"0":1,"1":0,"2":0,"3":0,"4":0,"5":0,"6":0,"7":0,"8":0,"9":0,"10":0,"11":1,"12":0,"13":0,"14":0,"15":0,"16":0,"17":0,"18":0,"19":0,"20":0},"f":{"0":0,"1":0},"b":{"0":[0,0],"1":[0,0],"2":[0,0],"3":[0,0]},"_coverageSchema":"1a1c01bbd47fc00a2c39e90264f33305004495a9","hash":"6128c44f9e85a6b2ef4ab46976d731d7cd4d6a65"}
,"C:\\Users\\Dean\\Documents\\GitHub\\simaksi\\src\\middleware\\error-middleware.js": {"path":"C:\\Users\\Dean\\Documents\\GitHub\\simaksi\\src\\middleware\\error-middleware.js","statementMap":{"0":{"start":{"line":3,"column":24},"end":{"line":22,"column":1}},"1":{"start":{"line":4,"column":1},"end":{"line":7,"column":2}},"2":{"start":{"line":5,"column":2},"end":{"line":5,"column":9}},"3":{"start":{"line":6,"column":2},"end":{"line":6,"column":9}},"4":{"start":{"line":9,"column":1},"end":{"line":21,"column":2}},"5":{"start":{"line":10,"column":2},"end":{"line":14,"column":10}},"6":{"start":{"line":16,"column":2},"end":{"line":20,"column":10}}},"fnMap":{"0":{"name":"(anonymous_0)","decl":{"start":{"line":3,"column":24},"end":{"line":3,"column":25}},"loc":{"start":{"line":3,"column":55},"end":{"line":22,"column":1}},"line":3}},"branchMap":{"0":{"loc":{"start":{"line":4,"column":1},"end":{"line":7,"column":2}},"type":"if","locations":[{"start":{"line":4,"column":1},"end":{"line":7,"column":2}},{"start":{},"end":{}}],"line":4},"1":{"loc":{"start":{"line":9,"column":1},"end":{"line":21,"column":2}},"type":"if","locations":[{"start":{"line":9,"column":1},"end":{"line":21,"column":2}},{"start":{"line":15,"column":8},"end":{"line":21,"column":2}}],"line":9}},"s":{"0":1,"1":2,"2":0,"3":0,"4":2,"5":2,"6":0},"f":{"0":2},"b":{"0":[0,2],"1":[2,0]},"_coverageSchema":"1a1c01bbd47fc00a2c39e90264f33305004495a9","hash":"6856949f3ecc88931b16641d38b5331f5c3a73b7"}
,"C:\\Users\\Dean\\Documents\\GitHub\\simaksi\\src\\route\\admin.js": {"path":"C:\\Users\\Dean\\Documents\\GitHub\\simaksi\\src\\route\\admin.js","statementMap":{"0":{"start":{"line":5,"column":27},"end":{"line":5,"column":47}},"1":{"start":{"line":7,"column":0},"end":{"line":7,"column":49}},"2":{"start":{"line":8,"column":0},"end":{"line":8,"column":57}},"3":{"start":{"line":9,"column":0},"end":{"line":9,"column":55}},"4":{"start":{"line":10,"column":0},"end":{"line":10,"column":63}},"5":{"start":{"line":11,"column":0},"end":{"line":11,"column":51}},"6":{"start":{"line":13,"column":0},"end":{"line":13,"column":33}},"7":{"start":{"line":16,"column":0},"end":{"line":16,"column":49}},"8":{"start":{"line":17,"column":0},"end":{"line":17,"column":47}},"9":{"start":{"line":18,"column":0},"end":{"line":18,"column":59}},"10":{"start":{"line":19,"column":0},"end":{"line":19,"column":53}}},"fnMap":{},"branchMap":{},"s":{"0":1,"1":1,"2":1,"3":1,"4":1,"5":1,"6":1,"7":1,"8":1,"9":1,"10":1},"f":{},"b":{},"_coverageSchema":"1a1c01bbd47fc00a2c39e90264f33305004495a9","hash":"83800782e1f7010a6ff2d7ad3d180dd1df6a275d"}
,"C:\\Users\\Dean\\Documents\\GitHub\\simaksi\\src\\route\\api.js": {"path":"C:\\Users\\Dean\\Documents\\GitHub\\simaksi\\src\\route\\api.js","statementMap":{"0":{"start":{"line":11,"column":22},"end":{"line":11,"column":42}},"1":{"start":{"line":13,"column":0},"end":{"line":13,"column":55}},"2":{"start":{"line":14,"column":0},"end":{"line":14,"column":49}},"3":{"start":{"line":16,"column":0},"end":{"line":16,"column":26}},"4":{"start":{"line":19,"column":0},"end":{"line":19,"column":54}},"5":{"start":{"line":20,"column":0},"end":{"line":20,"column":57}},"6":{"start":{"line":21,"column":0},"end":{"line":25,"column":2}},"7":{"start":{"line":26,"column":0},"end":{"line":30,"column":2}},"8":{"start":{"line":31,"column":0},"end":{"line":31,"column":63}},"9":{"start":{"line":34,"column":0},"end":{"line":34,"column":44}},"10":{"start":{"line":35,"column":0},"end":{"line":35,"column":47}},"11":{"start":{"line":36,"column":0},"end":{"line":36,"column":51}},"12":{"start":{"line":39,"column":0},"end":{"line":39,"column":42}},"13":{"start":{"line":40,"column":0},"end":{"line":40,"column":45}},"14":{"start":{"line":41,"column":0},"end":{"line":41,"column":66}},"15":{"start":{"line":42,"column":0},"end":{"line":42,"column":45}},"16":{"start":{"line":43,"column":0},"end":{"line":43,"column":56}},"17":{"start":{"line":44,"column":0},"end":{"line":44,"column":59}},"18":{"start":{"line":45,"column":0},"end":{"line":45,"column":61}},"19":{"start":{"line":46,"column":0},"end":{"line":46,"column":67}},"20":{"start":{"line":49,"column":0},"end":{"line":49,"column":46}},"21":{"start":{"line":50,"column":0},"end":{"line":50,"column":49}},"22":{"start":{"line":51,"column":0},"end":{"line":51,"column":55}},"23":{"start":{"line":54,"column":0},"end":{"line":54,"column":44}},"24":{"start":{"line":55,"column":0},"end":{"line":55,"column":50}}},"fnMap":{},"branchMap":{},"s":{"0":1,"1":1,"2":1,"3":1,"4":1,"5":1,"6":1,"7":1,"8":1,"9":1,"10":1,"11":1,"12":1,"13":1,"14":1,"15":1,"16":1,"17":1,"18":1,"19":1,"20":1,"21":1,"22":1,"23":1,"24":1},"f":{},"b":{},"_coverageSchema":"1a1c01bbd47fc00a2c39e90264f33305004495a9","hash":"792e6ffa699ef1c3d9034423f93b2450db78d7e7"}
,"C:\\Users\\Dean\\Documents\\GitHub\\simaksi\\src\\route\\public-api.js": {"path":"C:\\Users\\Dean\\Documents\\GitHub\\simaksi\\src\\route\\public-api.js","statementMap":{"0":{"start":{"line":4,"column":28},"end":{"line":4,"column":48}},"1":{"start":{"line":6,"column":0},"end":{"line":8,"column":3}},"2":{"start":{"line":7,"column":1},"end":{"line":7,"column":30}},"3":{"start":{"line":11,"column":0},"end":{"line":11,"column":79}}},"fnMap":{"0":{"name":"(anonymous_0)","decl":{"start":{"line":6,"column":22},"end":{"line":6,"column":23}},"loc":{"start":{"line":6,"column":36},"end":{"line":8,"column":1}},"line":6}},"branchMap":{},"s":{"0":1,"1":1,"2":0,"3":1},"f":{"0":0},"b":{},"_coverageSchema":"1a1c01bbd47fc00a2c39e90264f33305004495a9","hash":"58a17105451f5f94179340ab93f85e2c19f4e4f0"}
,"C:\\Users\\Dean\\Documents\\GitHub\\simaksi\\src\\utils\\response-error.js": {"path":"C:\\Users\\Dean\\Documents\\GitHub\\simaksi\\src\\utils\\response-error.js","statementMap":{"0":{"start":{"line":3,"column":2},"end":{"line":3,"column":17}},"1":{"start":{"line":4,"column":2},"end":{"line":4,"column":23}}},"fnMap":{"0":{"name":"(anonymous_0)","decl":{"start":{"line":2,"column":1},"end":{"line":2,"column":2}},"loc":{"start":{"line":2,"column":30},"end":{"line":5,"column":2}},"line":2}},"branchMap":{},"s":{"0":2,"1":2},"f":{"0":2},"b":{},"_coverageSchema":"1a1c01bbd47fc00a2c39e90264f33305004495a9","hash":"666a0415c814162e815129819eef2025b01a4d78"}
,"C:\\Users\\Dean\\Documents\\GitHub\\simaksi\\test\\test-util.js": {"path":"C:\\Users\\Dean\\Documents\\GitHub\\simaksi\\test\\test-util.js","statementMap":{"0":{"start":{"line":5,"column":30},"end":{"line":11,"column":1}},"1":{"start":{"line":6,"column":4},"end":{"line":10,"column":7}},"2":{"start":{"line":13,"column":30},"end":{"line":30,"column":1}},"3":{"start":{"line":14,"column":4},"end":{"line":29,"column":7}},"4":{"start":{"line":32,"column":27},"end":{"line":38,"column":1}},"5":{"start":{"line":33,"column":4},"end":{"line":37,"column":7}}},"fnMap":{"0":{"name":"(anonymous_0)","decl":{"start":{"line":5,"column":30},"end":{"line":5,"column":31}},"loc":{"start":{"line":5,"column":42},"end":{"line":11,"column":1}},"line":5},"1":{"name":"(anonymous_1)","decl":{"start":{"line":13,"column":30},"end":{"line":13,"column":31}},"loc":{"start":{"line":13,"column":42},"end":{"line":30,"column":1}},"line":13},"2":{"name":"(anonymous_2)","decl":{"start":{"line":32,"column":27},"end":{"line":32,"column":28}},"loc":{"start":{"line":32,"column":39},"end":{"line":38,"column":1}},"line":32}},"branchMap":{},"s":{"0":1,"1":1,"2":1,"3":0,"4":1,"5":0},"f":{"0":1,"1":0,"2":0},"b":{},"_coverageSchema":"1a1c01bbd47fc00a2c39e90264f33305004495a9","hash":"0145f82004cf0ae76aee33922e31e88a2d4c1b5c"}
}
