TN:
SF:src\main.js
FN:52,(anonymous_0)
FNF:1
FNH:1
FNDA:1,(anonymous_0)
DA:18,1
DA:21,1
DA:22,1
DA:23,1
DA:24,1
DA:31,1
DA:34,1
DA:35,1
DA:37,1
DA:40,1
DA:43,1
DA:44,1
DA:45,1
DA:48,1
DA:51,1
DA:52,1
DA:53,1
LF:17
LH:17
BRDA:51,0,0,1
BRDA:51,0,1,0
BRF:2
BRH:1
end_of_record
TN:
SF:src\midtrans.js
FNF:0
FNH:0
DA:4,1
LF:1
LH:1
BRF:0
BRH:0
end_of_record
TN:
SF:src\multer.js
FN:4,(anonymous_0)
FN:7,(anonymous_1)
FNF:2
FNH:0
FNDA:0,(anonymous_0)
FNDA:0,(anonymous_1)
DA:3,1
DA:5,0
DA:8,0
DA:12,1
LF:4
LH:2
BRF:0
BRH:0
end_of_record
TN:
SF:src\prisma.js
FNF:0
FNH:0
DA:2,1
LF:1
LH:1
BRF:0
BRH:0
end_of_record
TN:
SF:src\controller\admin-controller.js
FN:4,(anonymous_0)
FN:24,(anonymous_1)
FN:41,(anonymous_2)
FN:78,(anonymous_3)
FN:89,(anonymous_4)
FN:107,(anonymous_5)
FN:113,(anonymous_6)
FN:149,(anonymous_7)
FN:155,(anonymous_8)
FN:197,(anonymous_9)
FNF:10
FNH:0
FNDA:0,(anonymous_0)
FNDA:0,(anonymous_1)
FNDA:0,(anonymous_2)
FNDA:0,(anonymous_3)
FNDA:0,(anonymous_4)
FNDA:0,(anonymous_5)
FNDA:0,(anonymous_6)
FNDA:0,(anonymous_7)
FNDA:0,(anonymous_8)
FNDA:0,(anonymous_9)
DA:4,1
DA:5,0
DA:7,0
DA:8,0
DA:17,0
DA:24,1
DA:26,0
DA:41,0
DA:43,0
DA:44,0
DA:49,0
DA:56,0
DA:57,0
DA:58,0
DA:59,0
DA:60,0
DA:61,0
DA:62,0
DA:63,0
DA:64,0
DA:65,0
DA:69,0
DA:71,0
DA:78,1
DA:80,0
DA:82,0
DA:89,1
DA:90,0
DA:100,0
DA:107,1
DA:108,0
DA:113,1
DA:114,0
DA:116,0
DA:117,0
DA:118,0
DA:122,0
DA:128,0
DA:129,0
DA:130,0
DA:134,0
DA:135,0
DA:136,0
DA:137,0
DA:140,0
DA:141,0
DA:142,0
DA:143,0
DA:145,0
DA:149,1
DA:150,0
DA:155,1
DA:156,0
DA:157,0
DA:159,0
DA:160,0
DA:161,0
DA:164,0
DA:170,0
DA:171,0
DA:172,0
DA:175,0
DA:177,0
DA:186,0
DA:187,0
DA:188,0
DA:191,0
DA:192,0
DA:193,0
DA:197,1
DA:198,0
DA:199,0
LF:72
LH:9
BRDA:7,0,0,0
BRDA:7,0,1,0
BRDA:43,1,0,0
BRDA:43,1,1,0
BRDA:56,2,0,0
BRDA:56,2,1,0
BRDA:58,3,0,0
BRDA:58,3,1,0
BRDA:60,4,0,0
BRDA:60,4,1,0
BRDA:62,5,0,0
BRDA:62,5,1,0
BRDA:62,6,0,0
BRDA:62,6,1,0
BRDA:64,7,0,0
BRDA:64,7,1,0
BRDA:64,8,0,0
BRDA:64,8,1,0
BRDA:116,9,0,0
BRDA:116,9,1,0
BRDA:116,10,0,0
BRDA:116,10,1,0
BRDA:128,11,0,0
BRDA:128,11,1,0
BRDA:135,12,0,0
BRDA:135,12,1,0
BRDA:140,13,0,0
BRDA:140,13,1,0
BRDA:159,14,0,0
BRDA:159,14,1,0
BRDA:159,15,0,0
BRDA:159,15,1,0
BRDA:159,15,2,0
BRDA:159,15,3,0
BRDA:170,16,0,0
BRDA:170,16,1,0
BRDA:186,17,0,0
BRDA:186,17,1,0
BRF:38
BRH:0
end_of_record
TN:
SF:src\controller\checkpoint-controller.js
FN:5,(anonymous_0)
FN:24,(anonymous_1)
FN:51,(anonymous_2)
FN:60,(anonymous_3)
FN:102,(anonymous_4)
FNF:5
FNH:0
FNDA:0,(anonymous_0)
FNDA:0,(anonymous_1)
FNDA:0,(anonymous_2)
FNDA:0,(anonymous_3)
FNDA:0,(anonymous_4)
DA:5,1
DA:6,0
DA:8,0
DA:10,0
DA:16,0
DA:20,0
DA:24,1
DA:25,0
DA:27,0
DA:31,0
DA:32,0
DA:33,0
DA:36,0
DA:37,0
DA:40,0
DA:43,0
DA:47,0
DA:51,1
DA:52,0
DA:53,0
DA:54,0
DA:56,0
DA:60,1
DA:61,0
DA:63,0
DA:65,0
DA:69,0
DA:70,0
DA:71,0
DA:74,0
DA:75,0
DA:78,0
DA:83,0
DA:84,0
DA:87,0
DA:94,0
DA:98,0
DA:102,1
DA:103,0
DA:104,0
DA:105,0
DA:110,0
DA:114,0
LF:43
LH:5
BRDA:32,0,0,0
BRDA:32,0,1,0
BRDA:36,1,0,0
BRDA:36,1,1,0
BRDA:70,2,0,0
BRDA:70,2,1,0
BRDA:74,3,0,0
BRDA:74,3,1,0
BRDA:83,4,0,0
BRDA:83,4,1,0
BRF:10
BRH:0
end_of_record
TN:
SF:src\controller\member-controller.js
FN:5,(anonymous_0)
FN:68,(anonymous_1)
FN:106,(anonymous_2)
FNF:3
FNH:0
FNDA:0,(anonymous_0)
FNDA:0,(anonymous_1)
FNDA:0,(anonymous_2)
DA:5,1
DA:6,0
DA:8,0
DA:11,0
DA:13,0
DA:14,0
DA:17,0
DA:24,0
DA:25,0
DA:28,0
DA:35,0
DA:36,0
DA:39,0
DA:46,0
DA:61,0
DA:64,0
DA:68,1
DA:69,0
DA:70,0
DA:72,0
DA:73,0
DA:87,0
DA:99,0
DA:102,0
DA:106,1
DA:107,0
DA:108,0
DA:110,0
DA:117,0
DA:118,0
DA:121,0
DA:127,0
DA:142,0
DA:145,0
LF:34
LH:3
BRDA:13,0,0,0
BRDA:13,0,1,0
BRDA:24,1,0,0
BRDA:24,1,1,0
BRDA:35,2,0,0
BRDA:35,2,1,0
BRDA:72,3,0,0
BRDA:72,3,1,0
BRDA:117,4,0,0
BRDA:117,4,1,0
BRF:10
BRH:0
end_of_record
TN:
SF:src\controller\route-controller.js
FN:4,(anonymous_0)
FN:15,(anonymous_1)
FNF:2
FNH:0
FNDA:0,(anonymous_0)
FNDA:0,(anonymous_1)
DA:4,1
DA:5,0
DA:6,0
DA:7,0
DA:11,0
DA:15,1
DA:16,0
DA:17,0
DA:19,0
DA:21,0
DA:26,0
DA:27,0
DA:28,0
DA:31,0
DA:36,0
DA:37,0
DA:40,0
DA:47,0
DA:52,0
LF:19
LH:2
BRDA:27,0,0,0
BRDA:27,0,1,0
BRDA:36,1,0,0
BRDA:36,1,1,0
BRF:4
BRH:0
end_of_record
TN:
SF:src\controller\trip-controller.js
FN:11,generateRandomIntId
FN:12,getRandomInt
FN:32,(anonymous_2)
FN:55,(anonymous_3)
FN:88,(anonymous_4)
FN:108,(anonymous_5)
FN:142,(anonymous_6)
FN:240,(anonymous_7)
FN:289,(anonymous_8)
FN:321,(anonymous_9)
FN:397,(anonymous_10)
FN:417,(anonymous_11)
FN:426,(anonymous_12)
FN:465,(anonymous_13)
FN:501,(anonymous_14)
FNF:15
FNH:0
FNDA:0,generateRandomIntId
FNDA:0,getRandomInt
FNDA:0,(anonymous_2)
FNDA:0,(anonymous_3)
FNDA:0,(anonymous_4)
FNDA:0,(anonymous_5)
FNDA:0,(anonymous_6)
FNDA:0,(anonymous_7)
FNDA:0,(anonymous_8)
FNDA:0,(anonymous_9)
FNDA:0,(anonymous_10)
FNDA:0,(anonymous_11)
FNDA:0,(anonymous_12)
FNDA:0,(anonymous_13)
FNDA:0,(anonymous_14)
DA:13,0
DA:14,0
DA:15,0
DA:18,0
DA:19,0
DA:21,0
DA:26,0
DA:27,0
DA:32,1
DA:33,0
DA:34,0
DA:35,0
DA:50,0
DA:51,0
DA:55,0
DA:56,0
DA:57,0
DA:58,0
DA:62,0
DA:63,0
DA:66,0
DA:67,0
DA:68,0
DA:69,0
DA:70,0
DA:79,0
DA:81,0
DA:82,0
DA:84,0
DA:88,1
DA:89,0
DA:90,0
DA:92,0
DA:93,0
DA:96,0
DA:97,0
DA:100,0
DA:107,0
DA:108,0
DA:109,0
DA:114,0
DA:119,0
DA:127,0
DA:135,0
DA:138,0
DA:142,1
DA:143,0
DA:145,0
DA:150,0
DA:151,0
DA:152,0
DA:155,0
DA:166,0
DA:167,0
DA:170,0
DA:175,0
DA:177,0
DA:184,0
DA:199,0
DA:215,0
DA:217,0
DA:218,0
DA:221,0
DA:233,0
DA:236,0
DA:240,1
DA:241,0
DA:243,0
DA:245,0
DA:255,0
DA:256,0
DA:259,0
DA:260,0
DA:263,0
DA:265,0
DA:266,0
DA:269,0
DA:283,0
DA:285,0
DA:289,1
DA:290,0
DA:292,0
DA:293,0
DA:295,0
DA:301,0
DA:302,0
DA:305,0
DA:314,0
DA:317,0
DA:321,1
DA:322,0
DA:324,0
DA:325,0
DA:326,0
DA:328,0
DA:329,0
DA:331,0
DA:341,0
DA:343,0
DA:353,0
DA:355,0
DA:362,0
DA:364,0
DA:371,0
DA:373,0
DA:380,0
DA:382,0
DA:387,0
DA:397,0
DA:398,0
DA:399,0
DA:400,0
DA:401,0
DA:402,0
DA:403,0
DA:404,0
DA:405,0
DA:406,0
DA:407,0
DA:408,0
DA:410,0
DA:413,0
DA:417,0
DA:419,0
DA:422,0
DA:426,1
DA:427,0
DA:429,0
DA:431,0
DA:451,0
DA:452,0
DA:455,0
DA:456,0
DA:458,0
DA:461,0
DA:465,1
DA:466,0
DA:467,0
DA:469,0
DA:471,0
DA:482,0
DA:483,0
DA:486,0
DA:495,0
DA:497,0
DA:501,1
DA:502,0
DA:504,0
DA:506,0
DA:517,0
DA:518,0
DA:521,0
DA:530,0
DA:532,0
LF:154
LH:9
BRDA:26,0,0,0
BRDA:26,0,1,0
BRDA:50,1,0,0
BRDA:50,1,1,0
BRDA:92,2,0,0
BRDA:92,2,1,0
BRDA:96,3,0,0
BRDA:96,3,1,0
BRDA:107,4,0,0
BRDA:107,4,1,0
BRDA:151,5,0,0
BRDA:151,5,1,0
BRDA:166,6,0,0
BRDA:166,6,1,0
BRDA:175,7,0,0
BRDA:175,7,1,0
BRDA:217,8,0,0
BRDA:217,8,1,0
BRDA:255,9,0,0
BRDA:255,9,1,0
BRDA:259,10,0,0
BRDA:259,10,1,0
BRDA:265,11,0,0
BRDA:265,11,1,0
BRDA:301,12,0,0
BRDA:301,12,1,0
BRDA:324,13,0,0
BRDA:324,13,1,0
BRDA:326,14,0,0
BRDA:326,14,1,0
BRDA:329,15,0,0
BRDA:329,15,1,0
BRDA:329,15,2,0
BRDA:329,15,3,0
BRDA:329,15,4,0
BRDA:329,15,5,0
BRDA:398,16,0,0
BRDA:398,16,1,0
BRDA:400,17,0,0
BRDA:400,17,1,0
BRDA:402,18,0,0
BRDA:402,18,1,0
BRDA:404,19,0,0
BRDA:404,19,1,0
BRDA:405,20,0,0
BRDA:405,20,1,0
BRDA:407,21,0,0
BRDA:407,21,1,0
BRDA:451,22,0,0
BRDA:451,22,1,0
BRDA:482,23,0,0
BRDA:482,23,1,0
BRDA:517,24,0,0
BRDA:517,24,1,0
BRF:54
BRH:0
end_of_record
TN:
SF:src\controller\user-controller.js
FN:7,generateRandomIntId
FN:8,getRandomInt
FN:28,(anonymous_2)
FN:95,(anonymous_3)
FN:136,(anonymous_4)
FN:146,(anonymous_5)
FN:170,(anonymous_6)
FNF:7
FNH:3
FNDA:1,generateRandomIntId
FNDA:1,getRandomInt
FNDA:3,(anonymous_2)
FNDA:0,(anonymous_3)
FNDA:0,(anonymous_4)
FNDA:0,(anonymous_5)
FNDA:0,(anonymous_6)
DA:9,1
DA:10,1
DA:11,1
DA:14,1
DA:15,1
DA:17,1
DA:22,1
DA:23,1
DA:28,1
DA:29,3
DA:31,3
DA:47,3
DA:48,3
DA:49,0
DA:52,3
DA:53,0
DA:59,3
DA:61,3
DA:74,3
DA:75,2
DA:78,1
DA:80,1
DA:82,1
DA:86,1
DA:88,1
DA:91,2
DA:95,1
DA:96,0
DA:98,0
DA:103,0
DA:105,0
DA:106,0
DA:109,0
DA:115,0
DA:116,0
DA:119,0
DA:123,0
DA:124,0
DA:127,0
DA:129,0
DA:132,0
DA:136,1
DA:137,0
DA:139,0
DA:142,0
DA:146,1
DA:147,0
DA:149,0
DA:151,0
DA:157,0
DA:158,0
DA:161,0
DA:163,0
DA:166,0
DA:170,1
DA:171,0
DA:173,0
DA:175,0
DA:188,0
DA:190,0
DA:191,0
DA:194,0
DA:200,0
DA:201,0
DA:204,0
DA:211,0
DA:213,0
DA:216,0
LF:68
LH:28
BRDA:22,0,0,1
BRDA:22,0,1,0
BRDA:48,1,0,0
BRDA:48,1,1,3
BRDA:52,2,0,0
BRDA:52,2,1,3
BRDA:74,3,0,2
BRDA:74,3,1,1
BRDA:105,4,0,0
BRDA:105,4,1,0
BRDA:115,5,0,0
BRDA:115,5,1,0
BRDA:123,6,0,0
BRDA:123,6,1,0
BRDA:157,7,0,0
BRDA:157,7,1,0
BRDA:190,8,0,0
BRDA:190,8,1,0
BRDA:200,9,0,0
BRDA:200,9,1,0
BRF:20
BRH:5
end_of_record
TN:
SF:src\middleware\auth-middleware.js
FN:3,(anonymous_0)
FN:32,(anonymous_1)
FNF:2
FNH:0
FNDA:0,(anonymous_0)
FNDA:0,(anonymous_1)
DA:3,1
DA:4,0
DA:5,0
DA:6,0
DA:7,0
DA:13,0
DA:19,0
DA:20,0
DA:21,0
DA:27,0
DA:28,0
DA:32,1
DA:33,0
DA:34,0
DA:35,0
DA:38,0
DA:44,0
DA:45,0
DA:46,0
DA:49,0
DA:50,0
LF:21
LH:2
BRDA:6,0,0,0
BRDA:6,0,1,0
BRDA:19,1,0,0
BRDA:19,1,1,0
BRDA:33,2,0,0
BRDA:33,2,1,0
BRDA:44,3,0,0
BRDA:44,3,1,0
BRF:8
BRH:0
end_of_record
TN:
SF:src\middleware\error-middleware.js
FN:3,(anonymous_0)
FNF:1
FNH:1
FNDA:2,(anonymous_0)
DA:3,1
DA:4,2
DA:5,0
DA:6,0
DA:9,2
DA:10,2
DA:16,0
LF:7
LH:4
BRDA:4,0,0,0
BRDA:4,0,1,2
BRDA:9,1,0,2
BRDA:9,1,1,0
BRF:4
BRH:2
end_of_record
TN:
SF:src\route\admin.js
FNF:0
FNH:0
DA:5,1
DA:7,1
DA:8,1
DA:9,1
DA:10,1
DA:11,1
DA:13,1
DA:16,1
DA:17,1
DA:18,1
DA:19,1
LF:11
LH:11
BRF:0
BRH:0
end_of_record
TN:
SF:src\route\api.js
FNF:0
FNH:0
DA:11,1
DA:13,1
DA:14,1
DA:16,1
DA:19,1
DA:20,1
DA:21,1
DA:26,1
DA:31,1
DA:34,1
DA:35,1
DA:36,1
DA:39,1
DA:40,1
DA:41,1
DA:42,1
DA:43,1
DA:44,1
DA:45,1
DA:46,1
DA:49,1
DA:50,1
DA:51,1
DA:54,1
DA:55,1
LF:25
LH:25
BRF:0
BRH:0
end_of_record
TN:
SF:src\route\public-api.js
FN:6,(anonymous_0)
FNF:1
FNH:0
FNDA:0,(anonymous_0)
DA:4,1
DA:6,1
DA:7,0
DA:11,1
LF:4
LH:3
BRF:0
BRH:0
end_of_record
TN:
SF:src\utils\response-error.js
FN:2,(anonymous_0)
FNF:1
FNH:1
FNDA:2,(anonymous_0)
DA:3,2
DA:4,2
LF:2
LH:2
BRF:0
BRH:0
end_of_record
TN:
SF:test\test-util.js
FN:5,(anonymous_0)
FN:13,(anonymous_1)
FN:32,(anonymous_2)
FNF:3
FNH:1
FNDA:1,(anonymous_0)
FNDA:0,(anonymous_1)
FNDA:0,(anonymous_2)
DA:5,1
DA:6,1
DA:13,1
DA:14,0
DA:32,1
DA:33,0
LF:6
LH:4
BRF:0
BRH:0
end_of_record
